;  LST file generated by mikroListExporter - v.2.0 
; Date/Time: 07/08/2024 11:26:22 ã
;----------------------------------------------

;Address Opcode 	ASM
0x0000	0x2D70      	GOTO       1392
_interrupt:
0x0004	0x00FF      	MOVWF      R15
0x0005	0x0E03      	SWAPF      STATUS, 0
0x0006	0x0183      	CLRF       STATUS
0x0007	0x00A7      	MOVWF      ___saveSTATUS
0x0008	0x080A      	MOVF       PCLATH, 0
0x0009	0x00A6      	MOVWF      ___savePCLATH
0x000A	0x018A      	CLRF       PCLATH
;cproject.c,103 :: 		void  interrupt() {
;cproject.c,104 :: 		if(INTCON.INTF==1){
0x000B	0x1C8B      	BTFSS      INTCON, 1
0x000C	0x2811      	GOTO       L_interrupt22
;cproject.c,105 :: 		INTCON.INTF=0;
0x000D	0x108B      	BCF        INTCON, 1
;cproject.c,106 :: 		count++;
0x000E	0x0AA0      	INCF       _count, 1
0x000F	0x1903      	BTFSC      STATUS, 2
0x0010	0x0AA1      	INCF       _count+1, 1
;cproject.c,107 :: 		}
L_interrupt22:
;cproject.c,109 :: 		}
L_end_interrupt:
L__interrupt147:
0x0011	0x0826      	MOVF       ___savePCLATH, 0
0x0012	0x008A      	MOVWF      PCLATH
0x0013	0x0E27      	SWAPF      ___saveSTATUS, 0
0x0014	0x0083      	MOVWF      STATUS
0x0015	0x0EFF      	SWAPF      R15, 1
0x0016	0x0E7F      	SWAPF      R15, 0
0x0017	0x0009      	RETFIE
; end of _interrupt
_Div_16x16_S_L:
;__Lib_Math.c,420 :: 		
;__Lib_Math.c,426 :: 		
0x0018	0x0D71      	RLF        R1, 0
;__Lib_Math.c,427 :: 		
0x0019	0x0DF8      	RLF        R8, 1
;__Lib_Math.c,428 :: 		
0x001A	0x0DF9      	RLF        R9, 1
;__Lib_Math.c,429 :: 		
0x001B	0x0874      	MOVF       R4, 0
;__Lib_Math.c,430 :: 		
0x001C	0x02F8      	SUBWF      R8, 1
;__Lib_Math.c,431 :: 		
0x001D	0x0875      	MOVF       R5, 0
;__Lib_Math.c,432 :: 		
0x001E	0x1C03      	BTFSS      STATUS, 0
;__Lib_Math.c,433 :: 		
0x001F	0x0F75      	INCFSZ     R5, 0
;__Lib_Math.c,434 :: 		
0x0020	0x02F9      	SUBWF      R9, 1
;__Lib_Math.c,435 :: 		
0x0021	0x0DF0      	RLF        R0, 1
;__Lib_Math.c,436 :: 		
0x0022	0x0DF1      	RLF        R1, 1
;__Lib_Math.c,438 :: 		
0x0023	0x300F      	MOVLW      15
;__Lib_Math.c,439 :: 		
0x0024	0x00FC      	MOVWF      R12
;__Lib_Math.c,441 :: 		
0x0025	0x0D71      	RLF        R1, 0
;__Lib_Math.c,442 :: 		
0x0026	0x0DF8      	RLF        R8, 1
;__Lib_Math.c,443 :: 		
0x0027	0x0DF9      	RLF        R9, 1
;__Lib_Math.c,444 :: 		
0x0028	0x0874      	MOVF       R4, 0
;__Lib_Math.c,446 :: 		
0x0029	0x1C70      	BTFSS      R0, 0
;__Lib_Math.c,447 :: 		
0x002A	0x2831      	GOTO       $+7
;__Lib_Math.c,448 :: 		
0x002B	0x02F8      	SUBWF      R8, 1
;__Lib_Math.c,449 :: 		
0x002C	0x0875      	MOVF       R5, 0
;__Lib_Math.c,450 :: 		
0x002D	0x1C03      	BTFSS      STATUS, 0
;__Lib_Math.c,451 :: 		
0x002E	0x0F75      	INCFSZ     R5, 0
;__Lib_Math.c,452 :: 		
0x002F	0x02F9      	SUBWF      R9, 1
;__Lib_Math.c,453 :: 		
0x0030	0x2836      	GOTO       $+6
;__Lib_Math.c,455 :: 		
0x0031	0x07F8      	ADDWF      R8, 1
;__Lib_Math.c,456 :: 		
0x0032	0x0875      	MOVF       R5, 0
;__Lib_Math.c,457 :: 		
0x0033	0x1803      	BTFSC      STATUS, 0
;__Lib_Math.c,458 :: 		
0x0034	0x0F75      	INCFSZ     R5, 0
;__Lib_Math.c,459 :: 		
0x0035	0x07F9      	ADDWF      R9, 1
;__Lib_Math.c,461 :: 		
0x0036	0x0DF0      	RLF        R0, 1
;__Lib_Math.c,462 :: 		
0x0037	0x0DF1      	RLF        R1, 1
;__Lib_Math.c,464 :: 		
0x0038	0x0BFC      	DECFSZ     R12, 1
;__Lib_Math.c,465 :: 		
0x0039	0x2825      	GOTO       $-20
;__Lib_Math.c,467 :: 		
0x003A	0x1870      	BTFSC      R0, 0
;__Lib_Math.c,468 :: 		
0x003B	0x2842      	GOTO       $+7
;__Lib_Math.c,469 :: 		
0x003C	0x0874      	MOVF       R4, 0
;__Lib_Math.c,470 :: 		
0x003D	0x07F8      	ADDWF      R8, 1
;__Lib_Math.c,471 :: 		
0x003E	0x0875      	MOVF       R5, 0
;__Lib_Math.c,472 :: 		
0x003F	0x1803      	BTFSC      STATUS, 0
;__Lib_Math.c,473 :: 		
0x0040	0x0F75      	INCFSZ     R5, 0
;__Lib_Math.c,474 :: 		
0x0041	0x07F9      	ADDWF      R9, 1
;__Lib_Math.c,475 :: 		
0x0042	0x0000      	NOP
;__Lib_Math.c,477 :: 		
L_end_Div_16x16_S_L:
0x0043	0x0008      	RETURN
; end of _Div_16x16_S_L
_gpio_writepin:
;cproject.c,52 :: 		void gpio_writepin(int port_id , int pin_id , int value)
;cproject.c,53 :: 		{ switch(port_id){
0x0044	0x2928      	GOTO       L_gpio_writepin0
;cproject.c,54 :: 		case PORTA_ID:
L_gpio_writepin2:
;cproject.c,55 :: 		if(value == LOGIC_LOW)
0x0045	0x3000      	MOVLW      0
0x0046	0x1283      	BCF        STATUS, 5
0x0047	0x1303      	BCF        STATUS, 6
0x0048	0x063D      	XORWF      FARG_gpio_writepin_value+1, 0
0x0049	0x1D03      	BTFSS      STATUS, 2
0x004A	0x284D      	GOTO       L__gpio_writepin106
0x004B	0x3000      	MOVLW      0
0x004C	0x063C      	XORWF      FARG_gpio_writepin_value, 0
L__gpio_writepin106:
0x004D	0x1D03      	BTFSS      STATUS, 2
0x004E	0x285E      	GOTO       L_gpio_writepin3
;cproject.c,56 :: 		CLR_BIT(porta,pin_id);
0x004F	0x083A      	MOVF       FARG_gpio_writepin_pin_id, 0
0x0050	0x00F1      	MOVWF      R1
0x0051	0x3001      	MOVLW      1
0x0052	0x00F0      	MOVWF      R0
0x0053	0x0871      	MOVF       R1, 0
L__gpio_writepin107:
0x0054	0x1903      	BTFSC      STATUS, 2
0x0055	0x285A      	GOTO       L__gpio_writepin108
0x0056	0x0DF0      	RLF        R0, 1
0x0057	0x1070      	BCF        R0, 0
0x0058	0x3EFF      	ADDLW      255
0x0059	0x2854      	GOTO       L__gpio_writepin107
L__gpio_writepin108:
0x005A	0x09F0      	COMF       R0, 1
0x005B	0x0870      	MOVF       R0, 0
0x005C	0x0585      	ANDWF      PORTA, 1
0x005D	0x2873      	GOTO       L_gpio_writepin4
L_gpio_writepin3:
;cproject.c,57 :: 		else if(value == LOGIC_HIGH )
0x005E	0x3000      	MOVLW      0
0x005F	0x063D      	XORWF      FARG_gpio_writepin_value+1, 0
0x0060	0x1D03      	BTFSS      STATUS, 2
0x0061	0x2864      	GOTO       L__gpio_writepin109
0x0062	0x3001      	MOVLW      1
0x0063	0x063C      	XORWF      FARG_gpio_writepin_value, 0
L__gpio_writepin109:
0x0064	0x1D03      	BTFSS      STATUS, 2
0x0065	0x2873      	GOTO       L_gpio_writepin5
;cproject.c,58 :: 		SET_BIT(porta,pin_id);
0x0066	0x083A      	MOVF       FARG_gpio_writepin_pin_id, 0
0x0067	0x00F1      	MOVWF      R1
0x0068	0x3001      	MOVLW      1
0x0069	0x00F0      	MOVWF      R0
0x006A	0x0871      	MOVF       R1, 0
L__gpio_writepin110:
0x006B	0x1903      	BTFSC      STATUS, 2
0x006C	0x2871      	GOTO       L__gpio_writepin111
0x006D	0x0DF0      	RLF        R0, 1
0x006E	0x1070      	BCF        R0, 0
0x006F	0x3EFF      	ADDLW      255
0x0070	0x286B      	GOTO       L__gpio_writepin110
L__gpio_writepin111:
0x0071	0x0870      	MOVF       R0, 0
0x0072	0x0485      	IORWF      PORTA, 1
L_gpio_writepin5:
L_gpio_writepin4:
;cproject.c,59 :: 		break;
0x0073	0x2952      	GOTO       L_gpio_writepin1
;cproject.c,60 :: 		case PORTB_ID:
L_gpio_writepin6:
;cproject.c,61 :: 		if(value == LOGIC_LOW)
0x0074	0x3000      	MOVLW      0
0x0075	0x063D      	XORWF      FARG_gpio_writepin_value+1, 0
0x0076	0x1D03      	BTFSS      STATUS, 2
0x0077	0x287A      	GOTO       L__gpio_writepin112
0x0078	0x3000      	MOVLW      0
0x0079	0x063C      	XORWF      FARG_gpio_writepin_value, 0
L__gpio_writepin112:
0x007A	0x1D03      	BTFSS      STATUS, 2
0x007B	0x288B      	GOTO       L_gpio_writepin7
;cproject.c,62 :: 		CLR_BIT(portb,pin_id);
0x007C	0x083A      	MOVF       FARG_gpio_writepin_pin_id, 0
0x007D	0x00F1      	MOVWF      R1
0x007E	0x3001      	MOVLW      1
0x007F	0x00F0      	MOVWF      R0
0x0080	0x0871      	MOVF       R1, 0
L__gpio_writepin113:
0x0081	0x1903      	BTFSC      STATUS, 2
0x0082	0x2887      	GOTO       L__gpio_writepin114
0x0083	0x0DF0      	RLF        R0, 1
0x0084	0x1070      	BCF        R0, 0
0x0085	0x3EFF      	ADDLW      255
0x0086	0x2881      	GOTO       L__gpio_writepin113
L__gpio_writepin114:
0x0087	0x09F0      	COMF       R0, 1
0x0088	0x0870      	MOVF       R0, 0
0x0089	0x0586      	ANDWF      PORTB, 1
0x008A	0x28A0      	GOTO       L_gpio_writepin8
L_gpio_writepin7:
;cproject.c,63 :: 		else if(value == LOGIC_HIGH )
0x008B	0x3000      	MOVLW      0
0x008C	0x063D      	XORWF      FARG_gpio_writepin_value+1, 0
0x008D	0x1D03      	BTFSS      STATUS, 2
0x008E	0x2891      	GOTO       L__gpio_writepin115
0x008F	0x3001      	MOVLW      1
0x0090	0x063C      	XORWF      FARG_gpio_writepin_value, 0
L__gpio_writepin115:
0x0091	0x1D03      	BTFSS      STATUS, 2
0x0092	0x28A0      	GOTO       L_gpio_writepin9
;cproject.c,64 :: 		SET_BIT(portb,pin_id);
0x0093	0x083A      	MOVF       FARG_gpio_writepin_pin_id, 0
0x0094	0x00F1      	MOVWF      R1
0x0095	0x3001      	MOVLW      1
0x0096	0x00F0      	MOVWF      R0
0x0097	0x0871      	MOVF       R1, 0
L__gpio_writepin116:
0x0098	0x1903      	BTFSC      STATUS, 2
0x0099	0x289E      	GOTO       L__gpio_writepin117
0x009A	0x0DF0      	RLF        R0, 1
0x009B	0x1070      	BCF        R0, 0
0x009C	0x3EFF      	ADDLW      255
0x009D	0x2898      	GOTO       L__gpio_writepin116
L__gpio_writepin117:
0x009E	0x0870      	MOVF       R0, 0
0x009F	0x0486      	IORWF      PORTB, 1
L_gpio_writepin9:
L_gpio_writepin8:
;cproject.c,65 :: 		break;
0x00A0	0x2952      	GOTO       L_gpio_writepin1
;cproject.c,66 :: 		case PORTC_ID:
L_gpio_writepin10:
;cproject.c,67 :: 		if(value == LOGIC_LOW)
0x00A1	0x3000      	MOVLW      0
0x00A2	0x063D      	XORWF      FARG_gpio_writepin_value+1, 0
0x00A3	0x1D03      	BTFSS      STATUS, 2
0x00A4	0x28A7      	GOTO       L__gpio_writepin118
0x00A5	0x3000      	MOVLW      0
0x00A6	0x063C      	XORWF      FARG_gpio_writepin_value, 0
L__gpio_writepin118:
0x00A7	0x1D03      	BTFSS      STATUS, 2
0x00A8	0x28B8      	GOTO       L_gpio_writepin11
;cproject.c,68 :: 		CLR_BIT(portc,pin_id);
0x00A9	0x083A      	MOVF       FARG_gpio_writepin_pin_id, 0
0x00AA	0x00F1      	MOVWF      R1
0x00AB	0x3001      	MOVLW      1
0x00AC	0x00F0      	MOVWF      R0
0x00AD	0x0871      	MOVF       R1, 0
L__gpio_writepin119:
0x00AE	0x1903      	BTFSC      STATUS, 2
0x00AF	0x28B4      	GOTO       L__gpio_writepin120
0x00B0	0x0DF0      	RLF        R0, 1
0x00B1	0x1070      	BCF        R0, 0
0x00B2	0x3EFF      	ADDLW      255
0x00B3	0x28AE      	GOTO       L__gpio_writepin119
L__gpio_writepin120:
0x00B4	0x09F0      	COMF       R0, 1
0x00B5	0x0870      	MOVF       R0, 0
0x00B6	0x0587      	ANDWF      PORTC, 1
0x00B7	0x28CD      	GOTO       L_gpio_writepin12
L_gpio_writepin11:
;cproject.c,69 :: 		else if(value == LOGIC_HIGH )
0x00B8	0x3000      	MOVLW      0
0x00B9	0x063D      	XORWF      FARG_gpio_writepin_value+1, 0
0x00BA	0x1D03      	BTFSS      STATUS, 2
0x00BB	0x28BE      	GOTO       L__gpio_writepin121
0x00BC	0x3001      	MOVLW      1
0x00BD	0x063C      	XORWF      FARG_gpio_writepin_value, 0
L__gpio_writepin121:
0x00BE	0x1D03      	BTFSS      STATUS, 2
0x00BF	0x28CD      	GOTO       L_gpio_writepin13
;cproject.c,70 :: 		SET_BIT(portc,pin_id);
0x00C0	0x083A      	MOVF       FARG_gpio_writepin_pin_id, 0
0x00C1	0x00F1      	MOVWF      R1
0x00C2	0x3001      	MOVLW      1
0x00C3	0x00F0      	MOVWF      R0
0x00C4	0x0871      	MOVF       R1, 0
L__gpio_writepin122:
0x00C5	0x1903      	BTFSC      STATUS, 2
0x00C6	0x28CB      	GOTO       L__gpio_writepin123
0x00C7	0x0DF0      	RLF        R0, 1
0x00C8	0x1070      	BCF        R0, 0
0x00C9	0x3EFF      	ADDLW      255
0x00CA	0x28C5      	GOTO       L__gpio_writepin122
L__gpio_writepin123:
0x00CB	0x0870      	MOVF       R0, 0
0x00CC	0x0487      	IORWF      PORTC, 1
L_gpio_writepin13:
L_gpio_writepin12:
;cproject.c,71 :: 		break;
0x00CD	0x2952      	GOTO       L_gpio_writepin1
;cproject.c,72 :: 		case PORTD_ID:
L_gpio_writepin14:
;cproject.c,73 :: 		if(value == LOGIC_LOW)
0x00CE	0x3000      	MOVLW      0
0x00CF	0x063D      	XORWF      FARG_gpio_writepin_value+1, 0
0x00D0	0x1D03      	BTFSS      STATUS, 2
0x00D1	0x28D4      	GOTO       L__gpio_writepin124
0x00D2	0x3000      	MOVLW      0
0x00D3	0x063C      	XORWF      FARG_gpio_writepin_value, 0
L__gpio_writepin124:
0x00D4	0x1D03      	BTFSS      STATUS, 2
0x00D5	0x28E5      	GOTO       L_gpio_writepin15
;cproject.c,74 :: 		CLR_BIT(portd,pin_id);
0x00D6	0x083A      	MOVF       FARG_gpio_writepin_pin_id, 0
0x00D7	0x00F1      	MOVWF      R1
0x00D8	0x3001      	MOVLW      1
0x00D9	0x00F0      	MOVWF      R0
0x00DA	0x0871      	MOVF       R1, 0
L__gpio_writepin125:
0x00DB	0x1903      	BTFSC      STATUS, 2
0x00DC	0x28E1      	GOTO       L__gpio_writepin126
0x00DD	0x0DF0      	RLF        R0, 1
0x00DE	0x1070      	BCF        R0, 0
0x00DF	0x3EFF      	ADDLW      255
0x00E0	0x28DB      	GOTO       L__gpio_writepin125
L__gpio_writepin126:
0x00E1	0x09F0      	COMF       R0, 1
0x00E2	0x0870      	MOVF       R0, 0
0x00E3	0x0588      	ANDWF      PORTD, 1
0x00E4	0x28FA      	GOTO       L_gpio_writepin16
L_gpio_writepin15:
;cproject.c,75 :: 		else if(value == LOGIC_HIGH )
0x00E5	0x3000      	MOVLW      0
0x00E6	0x063D      	XORWF      FARG_gpio_writepin_value+1, 0
0x00E7	0x1D03      	BTFSS      STATUS, 2
0x00E8	0x28EB      	GOTO       L__gpio_writepin127
0x00E9	0x3001      	MOVLW      1
0x00EA	0x063C      	XORWF      FARG_gpio_writepin_value, 0
L__gpio_writepin127:
0x00EB	0x1D03      	BTFSS      STATUS, 2
0x00EC	0x28FA      	GOTO       L_gpio_writepin17
;cproject.c,76 :: 		SET_BIT(portd,pin_id);
0x00ED	0x083A      	MOVF       FARG_gpio_writepin_pin_id, 0
0x00EE	0x00F1      	MOVWF      R1
0x00EF	0x3001      	MOVLW      1
0x00F0	0x00F0      	MOVWF      R0
0x00F1	0x0871      	MOVF       R1, 0
L__gpio_writepin128:
0x00F2	0x1903      	BTFSC      STATUS, 2
0x00F3	0x28F8      	GOTO       L__gpio_writepin129
0x00F4	0x0DF0      	RLF        R0, 1
0x00F5	0x1070      	BCF        R0, 0
0x00F6	0x3EFF      	ADDLW      255
0x00F7	0x28F2      	GOTO       L__gpio_writepin128
L__gpio_writepin129:
0x00F8	0x0870      	MOVF       R0, 0
0x00F9	0x0488      	IORWF      PORTD, 1
L_gpio_writepin17:
L_gpio_writepin16:
;cproject.c,77 :: 		break;
0x00FA	0x2952      	GOTO       L_gpio_writepin1
;cproject.c,78 :: 		case PORTE_ID:
L_gpio_writepin18:
;cproject.c,79 :: 		if(value == LOGIC_LOW)
0x00FB	0x3000      	MOVLW      0
0x00FC	0x063D      	XORWF      FARG_gpio_writepin_value+1, 0
0x00FD	0x1D03      	BTFSS      STATUS, 2
0x00FE	0x2901      	GOTO       L__gpio_writepin130
0x00FF	0x3000      	MOVLW      0
0x0100	0x063C      	XORWF      FARG_gpio_writepin_value, 0
L__gpio_writepin130:
0x0101	0x1D03      	BTFSS      STATUS, 2
0x0102	0x2912      	GOTO       L_gpio_writepin19
;cproject.c,80 :: 		CLR_BIT(porte,pin_id);
0x0103	0x083A      	MOVF       FARG_gpio_writepin_pin_id, 0
0x0104	0x00F1      	MOVWF      R1
0x0105	0x3001      	MOVLW      1
0x0106	0x00F0      	MOVWF      R0
0x0107	0x0871      	MOVF       R1, 0
L__gpio_writepin131:
0x0108	0x1903      	BTFSC      STATUS, 2
0x0109	0x290E      	GOTO       L__gpio_writepin132
0x010A	0x0DF0      	RLF        R0, 1
0x010B	0x1070      	BCF        R0, 0
0x010C	0x3EFF      	ADDLW      255
0x010D	0x2908      	GOTO       L__gpio_writepin131
L__gpio_writepin132:
0x010E	0x09F0      	COMF       R0, 1
0x010F	0x0870      	MOVF       R0, 0
0x0110	0x0589      	ANDWF      PORTE, 1
0x0111	0x2927      	GOTO       L_gpio_writepin20
L_gpio_writepin19:
;cproject.c,81 :: 		else if(value == LOGIC_HIGH )
0x0112	0x3000      	MOVLW      0
0x0113	0x063D      	XORWF      FARG_gpio_writepin_value+1, 0
0x0114	0x1D03      	BTFSS      STATUS, 2
0x0115	0x2918      	GOTO       L__gpio_writepin133
0x0116	0x3001      	MOVLW      1
0x0117	0x063C      	XORWF      FARG_gpio_writepin_value, 0
L__gpio_writepin133:
0x0118	0x1D03      	BTFSS      STATUS, 2
0x0119	0x2927      	GOTO       L_gpio_writepin21
;cproject.c,82 :: 		SET_BIT(porte,pin_id);
0x011A	0x083A      	MOVF       FARG_gpio_writepin_pin_id, 0
0x011B	0x00F1      	MOVWF      R1
0x011C	0x3001      	MOVLW      1
0x011D	0x00F0      	MOVWF      R0
0x011E	0x0871      	MOVF       R1, 0
L__gpio_writepin134:
0x011F	0x1903      	BTFSC      STATUS, 2
0x0120	0x2925      	GOTO       L__gpio_writepin135
0x0121	0x0DF0      	RLF        R0, 1
0x0122	0x1070      	BCF        R0, 0
0x0123	0x3EFF      	ADDLW      255
0x0124	0x291F      	GOTO       L__gpio_writepin134
L__gpio_writepin135:
0x0125	0x0870      	MOVF       R0, 0
0x0126	0x0489      	IORWF      PORTE, 1
L_gpio_writepin21:
L_gpio_writepin20:
;cproject.c,83 :: 		break;
0x0127	0x2952      	GOTO       L_gpio_writepin1
;cproject.c,84 :: 		}
L_gpio_writepin0:
0x0128	0x1283      	BCF        STATUS, 5
0x0129	0x1303      	BCF        STATUS, 6
0x012A	0x3000      	MOVLW      0
0x012B	0x0639      	XORWF      FARG_gpio_writepin_port_id+1, 0
0x012C	0x1D03      	BTFSS      STATUS, 2
0x012D	0x2930      	GOTO       L__gpio_writepin136
0x012E	0x3000      	MOVLW      0
0x012F	0x0638      	XORWF      FARG_gpio_writepin_port_id, 0
L__gpio_writepin136:
0x0130	0x1903      	BTFSC      STATUS, 2
0x0131	0x2845      	GOTO       L_gpio_writepin2
0x0132	0x3000      	MOVLW      0
0x0133	0x0639      	XORWF      FARG_gpio_writepin_port_id+1, 0
0x0134	0x1D03      	BTFSS      STATUS, 2
0x0135	0x2938      	GOTO       L__gpio_writepin137
0x0136	0x3001      	MOVLW      1
0x0137	0x0638      	XORWF      FARG_gpio_writepin_port_id, 0
L__gpio_writepin137:
0x0138	0x1903      	BTFSC      STATUS, 2
0x0139	0x2874      	GOTO       L_gpio_writepin6
0x013A	0x3000      	MOVLW      0
0x013B	0x0639      	XORWF      FARG_gpio_writepin_port_id+1, 0
0x013C	0x1D03      	BTFSS      STATUS, 2
0x013D	0x2940      	GOTO       L__gpio_writepin138
0x013E	0x3002      	MOVLW      2
0x013F	0x0638      	XORWF      FARG_gpio_writepin_port_id, 0
L__gpio_writepin138:
0x0140	0x1903      	BTFSC      STATUS, 2
0x0141	0x28A1      	GOTO       L_gpio_writepin10
0x0142	0x3000      	MOVLW      0
0x0143	0x0639      	XORWF      FARG_gpio_writepin_port_id+1, 0
0x0144	0x1D03      	BTFSS      STATUS, 2
0x0145	0x2948      	GOTO       L__gpio_writepin139
0x0146	0x3003      	MOVLW      3
0x0147	0x0638      	XORWF      FARG_gpio_writepin_port_id, 0
L__gpio_writepin139:
0x0148	0x1903      	BTFSC      STATUS, 2
0x0149	0x28CE      	GOTO       L_gpio_writepin14
0x014A	0x3000      	MOVLW      0
0x014B	0x0639      	XORWF      FARG_gpio_writepin_port_id+1, 0
0x014C	0x1D03      	BTFSS      STATUS, 2
0x014D	0x2950      	GOTO       L__gpio_writepin140
0x014E	0x3004      	MOVLW      4
0x014F	0x0638      	XORWF      FARG_gpio_writepin_port_id, 0
L__gpio_writepin140:
0x0150	0x1903      	BTFSC      STATUS, 2
0x0151	0x28FB      	GOTO       L_gpio_writepin18
L_gpio_writepin1:
;cproject.c,85 :: 		}
L_end_gpio_writepin:
0x0152	0x0008      	RETURN
; end of _gpio_writepin
_Div_16x16_S:
;__Lib_Math.c,479 :: 		
;__Lib_Math.c,487 :: 		
0x0153	0x1283      	BCF        STATUS, 5
0x0154	0x1303      	BCF        STATUS, 6
0x0155	0x0874      	MOVF       R4, 0
0x0156	0x3A00      	XORLW      0
0x0157	0x1D03      	BTFSS      STATUS, 2
0x0158	0x2962      	GOTO       L_Div_16x16_S0
;__Lib_Math.c,488 :: 		
0x0159	0x0875      	MOVF       R5, 0
0x015A	0x3A00      	XORLW      0
0x015B	0x1D03      	BTFSS      STATUS, 2
0x015C	0x2962      	GOTO       L_Div_16x16_S1
;__Lib_Math.c,489 :: 		
0x015D	0x30FF      	MOVLW      255
0x015E	0x00F0      	MOVWF      R0
;__Lib_Math.c,490 :: 		
0x015F	0x307F      	MOVLW      127
0x0160	0x00F1      	MOVWF      R1
;__Lib_Math.c,491 :: 		
0x0161	0x29BB      	GOTO       L_end_Div_16x16_S
;__Lib_Math.c,492 :: 		
L_Div_16x16_S1:
L_Div_16x16_S0:
;__Lib_Math.c,495 :: 		
0x0162	0x1283      	BCF        STATUS, 5
;__Lib_Math.c,496 :: 		
0x0163	0x1303      	BCF        STATUS, 6
;__Lib_Math.c,497 :: 		
0x0164	0x01FD      	CLRF       R13
;__Lib_Math.c,498 :: 		
0x0165	0x01F9      	CLRF       R9
;__Lib_Math.c,499 :: 		
0x0166	0x01F8      	CLRF       R8
;__Lib_Math.c,500 :: 		
0x0167	0x0871      	MOVF       R1, 0
;__Lib_Math.c,501 :: 		
0x0168	0x0470      	IORWF      R0, 0
;__Lib_Math.c,502 :: 		
0x0169	0x1903      	BTFSC      STATUS, 2
;__Lib_Math.c,503 :: 		
0x016A	0x3400      	RETLW      0
;__Lib_Math.c,505 :: 		
0x016B	0x0871      	MOVF       R1, 0
;__Lib_Math.c,506 :: 		
0x016C	0x0675      	XORWF      R5, 0
;__Lib_Math.c,507 :: 		
0x016D	0x00FA      	MOVWF      R10
;__Lib_Math.c,508 :: 		
0x016E	0x1BFA      	BTFSC      R10, 7
;__Lib_Math.c,509 :: 		
0x016F	0x09FD      	COMF       R13, 1
;__Lib_Math.c,511 :: 		
0x0170	0x01FB      	CLRF       R11
;__Lib_Math.c,513 :: 		
0x0171	0x1FF5      	BTFSS      R5, 7
;__Lib_Math.c,514 :: 		
0x0172	0x2978      	GOTO       $+6
;__Lib_Math.c,516 :: 		
0x0173	0x09F4      	COMF       R4, 1
;__Lib_Math.c,517 :: 		
0x0174	0x09F5      	COMF       R5, 1
;__Lib_Math.c,518 :: 		
0x0175	0x0AF4      	INCF       R4, 1
;__Lib_Math.c,519 :: 		
0x0176	0x1903      	BTFSC      STATUS, 2
;__Lib_Math.c,520 :: 		
0x0177	0x0AF5      	INCF       R5, 1
;__Lib_Math.c,522 :: 		
0x0178	0x1FF1      	BTFSS      R1, 7
;__Lib_Math.c,523 :: 		
0x0179	0x297F      	GOTO       $+6
;__Lib_Math.c,525 :: 		
0x017A	0x09F0      	COMF       R0, 1
;__Lib_Math.c,526 :: 		
0x017B	0x09F1      	COMF       R1, 1
;__Lib_Math.c,527 :: 		
0x017C	0x0AF0      	INCF       R0, 1
;__Lib_Math.c,528 :: 		
0x017D	0x1903      	BTFSC      STATUS, 2
;__Lib_Math.c,529 :: 		
0x017E	0x0AF1      	INCF       R1, 1
;__Lib_Math.c,531 :: 		
0x017F	0x0871      	MOVF       R1, 0
;__Lib_Math.c,532 :: 		
0x0180	0x0475      	IORWF      R5, 0
;__Lib_Math.c,533 :: 		
0x0181	0x00FA      	MOVWF      R10
;__Lib_Math.c,534 :: 		
0x0182	0x1BFA      	BTFSC      R10, 7
;__Lib_Math.c,535 :: 		
0x0183	0x2994      	GOTO       $+17
;__Lib_Math.c,537 :: 		
0x0184	0x2018      	CALL       _Div_16x16_S_L
;__Lib_Math.c,539 :: 		
0x0185	0x187B      	BTFSC      R11, 0
;__Lib_Math.c,540 :: 		
0x0186	0x29A7      	GOTO       $+33
;__Lib_Math.c,542 :: 		
0x0187	0x1FFD      	BTFSS      R13, 7
;__Lib_Math.c,543 :: 		
0x0188	0x3400      	RETLW      0
;__Lib_Math.c,545 :: 		
0x0189	0x09F0      	COMF       R0, 1
;__Lib_Math.c,546 :: 		
0x018A	0x09F1      	COMF       R1, 1
;__Lib_Math.c,547 :: 		
0x018B	0x0AF0      	INCF       R0, 1
;__Lib_Math.c,548 :: 		
0x018C	0x1903      	BTFSC      STATUS, 2
;__Lib_Math.c,549 :: 		
0x018D	0x0AF1      	INCF       R1, 1
;__Lib_Math.c,551 :: 		
0x018E	0x09F8      	COMF       R8, 1
;__Lib_Math.c,552 :: 		
0x018F	0x09F9      	COMF       R9, 1
;__Lib_Math.c,553 :: 		
0x0190	0x0AF8      	INCF       R8, 1
;__Lib_Math.c,554 :: 		
0x0191	0x1903      	BTFSC      STATUS, 2
;__Lib_Math.c,555 :: 		
0x0192	0x0AF9      	INCF       R9, 1
;__Lib_Math.c,557 :: 		
0x0193	0x3400      	RETLW      0
;__Lib_Math.c,559 :: 		
0x0194	0x1FF5      	BTFSS      R5, 7
;__Lib_Math.c,560 :: 		
0x0195	0x29A3      	GOTO       $+14
;__Lib_Math.c,561 :: 		
0x0196	0x1BF1      	BTFSC      R1, 7
;__Lib_Math.c,562 :: 		
0x0197	0x299F      	GOTO       $+8
;__Lib_Math.c,563 :: 		
0x0198	0x0871      	MOVF       R1, 0
;__Lib_Math.c,564 :: 		
0x0199	0x00F9      	MOVWF      R9
;__Lib_Math.c,565 :: 		
0x019A	0x0870      	MOVF       R0, 0
;__Lib_Math.c,566 :: 		
0x019B	0x00F8      	MOVWF      R8
;__Lib_Math.c,567 :: 		
0x019C	0x01F1      	CLRF       R1
;__Lib_Math.c,568 :: 		
0x019D	0x01F0      	CLRF       R0
;__Lib_Math.c,569 :: 		
0x019E	0x2987      	GOTO       $-23
;__Lib_Math.c,570 :: 		
0x019F	0x01F1      	CLRF       R1
;__Lib_Math.c,571 :: 		
0x01A0	0x01F0      	CLRF       R0
;__Lib_Math.c,572 :: 		
0x01A1	0x0AF0      	INCF       R0, 1
;__Lib_Math.c,573 :: 		
0x01A2	0x3400      	RETLW      0
;__Lib_Math.c,575 :: 		
0x01A3	0x09F1      	COMF       R1, 1
;__Lib_Math.c,576 :: 		
0x01A4	0x09F0      	COMF       R0, 1
;__Lib_Math.c,577 :: 		
0x01A5	0x0AFB      	INCF       R11, 1
;__Lib_Math.c,578 :: 		
0x01A6	0x2984      	GOTO       $-34
;__Lib_Math.c,580 :: 		
0x01A7	0x0AF8      	INCF       R8, 1
;__Lib_Math.c,581 :: 		
0x01A8	0x1903      	BTFSC      STATUS, 2
;__Lib_Math.c,582 :: 		
0x01A9	0x0AF9      	INCF       R9, 1
;__Lib_Math.c,583 :: 		
0x01AA	0x0874      	MOVF       R4, 0
;__Lib_Math.c,584 :: 		
0x01AB	0x0278      	SUBWF      R8, 0
;__Lib_Math.c,585 :: 		
0x01AC	0x1D03      	BTFSS      STATUS, 2
;__Lib_Math.c,586 :: 		
0x01AD	0x2987      	GOTO       $-38
;__Lib_Math.c,587 :: 		
0x01AE	0x0875      	MOVF       R5, 0
;__Lib_Math.c,588 :: 		
0x01AF	0x0279      	SUBWF      R9, 0
;__Lib_Math.c,589 :: 		
0x01B0	0x1D03      	BTFSS      STATUS, 2
;__Lib_Math.c,590 :: 		
0x01B1	0x2987      	GOTO       $-42
;__Lib_Math.c,591 :: 		
0x01B2	0x01F9      	CLRF       R9
;__Lib_Math.c,592 :: 		
0x01B3	0x01F8      	CLRF       R8
;__Lib_Math.c,593 :: 		
0x01B4	0x0AF0      	INCF       R0, 1
;__Lib_Math.c,594 :: 		
0x01B5	0x1903      	BTFSC      STATUS, 2
;__Lib_Math.c,595 :: 		
0x01B6	0x0AF1      	INCF       R1, 1
;__Lib_Math.c,596 :: 		
0x01B7	0x1FF1      	BTFSS      R1, 7
;__Lib_Math.c,597 :: 		
0x01B8	0x2987      	GOTO       $-49
;__Lib_Math.c,598 :: 		
0x01B9	0x0000      	NOP
;__Lib_Math.c,599 :: 		
0x01BA	0x34FF      	RETLW      255
;__Lib_Math.c,601 :: 		
L_end_Div_16x16_S:
0x01BB	0x0008      	RETURN
; end of _Div_16x16_S
_____DoICP:
;__Lib_System.c,6 :: 		
;__Lib_System.c,9 :: 		
0x01BC	0x1283      	BCF        STATUS, 5
0x01BD	0x1303      	BCF        STATUS, 6
0x01BE	0x0823      	MOVF       ___DoICPAddr+1, 0
0x01BF	0x008A      	MOVWF      PCLATH
;__Lib_System.c,10 :: 		
0x01C0	0x0822      	MOVF       ___DoICPAddr, 0
0x01C1	0x0082      	MOVWF      PCL
;__Lib_System.c,12 :: 		
L_end_____DoICP:
0x01C2	0x0008      	RETURN
; end of _____DoICP
_seven_segment_DECODER:
;cproject.c,88 :: 		void  seven_segment_DECODER(int value ,int PORT_ID ){
;cproject.c,89 :: 		int units=value%10;  // give this value to first decoder in each traffic light
0x01C3	0x300A      	MOVLW      10
0x01C4	0x1283      	BCF        STATUS, 5
0x01C5	0x1303      	BCF        STATUS, 6
0x01C6	0x00F4      	MOVWF      R4
0x01C7	0x3000      	MOVLW      0
0x01C8	0x00F5      	MOVWF      R4+1
0x01C9	0x082E      	MOVF       FARG_seven_segment_DECODER_value, 0
0x01CA	0x00F0      	MOVWF      R0
0x01CB	0x082F      	MOVF       FARG_seven_segment_DECODER_value+1, 0
0x01CC	0x00F1      	MOVWF      R0+1
0x01CD	0x2153      	CALL       _Div_16x16_S
0x01CE	0x0878      	MOVF       R8, 0
0x01CF	0x00F0      	MOVWF      R0
0x01D0	0x0879      	MOVF       R8+1, 0
0x01D1	0x00F1      	MOVWF      R0+1
0x01D2	0x0870      	MOVF       R0, 0
0x01D3	0x00B6      	MOVWF      FLOC__seven_segment_DECODER
0x01D4	0x0871      	MOVF       R0+1, 0
0x01D5	0x00B7      	MOVWF      FLOC__seven_segment_DECODER+1
0x01D6	0x0836      	MOVF       FLOC__seven_segment_DECODER, 0
0x01D7	0x00B2      	MOVWF      seven_segment_DECODER_units_L0
0x01D8	0x0837      	MOVF       FLOC__seven_segment_DECODER+1, 0
0x01D9	0x00B3      	MOVWF      seven_segment_DECODER_units_L0+1
;cproject.c,90 :: 		int tens=value/10;  // give this value to second decoder in each trafic
0x01DA	0x300A      	MOVLW      10
0x01DB	0x00F4      	MOVWF      R4
0x01DC	0x3000      	MOVLW      0
0x01DD	0x00F5      	MOVWF      R4+1
0x01DE	0x082E      	MOVF       FARG_seven_segment_DECODER_value, 0
0x01DF	0x00F0      	MOVWF      R0
0x01E0	0x082F      	MOVF       FARG_seven_segment_DECODER_value+1, 0
0x01E1	0x00F1      	MOVWF      R0+1
0x01E2	0x2153      	CALL       _Div_16x16_S
0x01E3	0x0870      	MOVF       R0, 0
0x01E4	0x00B4      	MOVWF      seven_segment_DECODER_tens_L0
0x01E5	0x0871      	MOVF       R0+1, 0
0x01E6	0x00B5      	MOVWF      seven_segment_DECODER_tens_L0+1
;cproject.c,91 :: 		gpio_writepin(PORT_ID,PIN0_ID,READ_BIT(units,0));
0x01E7	0x0830      	MOVF       FARG_seven_segment_DECODER_PORT_ID, 0
0x01E8	0x00B8      	MOVWF      FARG_gpio_writepin_port_id
0x01E9	0x0831      	MOVF       FARG_seven_segment_DECODER_PORT_ID+1, 0
0x01EA	0x00B9      	MOVWF      FARG_gpio_writepin_port_id+1
0x01EB	0x01BA      	CLRF       FARG_gpio_writepin_pin_id
0x01EC	0x01BB      	CLRF       FARG_gpio_writepin_pin_id+1
0x01ED	0x3001      	MOVLW      1
0x01EE	0x0536      	ANDWF      FLOC__seven_segment_DECODER, 0
0x01EF	0x00BC      	MOVWF      FARG_gpio_writepin_value
0x01F0	0x0837      	MOVF       FLOC__seven_segment_DECODER+1, 0
0x01F1	0x00BD      	MOVWF      FARG_gpio_writepin_value+1
0x01F2	0x3000      	MOVLW      0
0x01F3	0x05BD      	ANDWF      FARG_gpio_writepin_value+1, 1
0x01F4	0x2044      	CALL       _gpio_writepin
;cproject.c,92 :: 		gpio_writepin(PORT_ID,PIN1_ID,READ_BIT(units,1));
0x01F5	0x0830      	MOVF       FARG_seven_segment_DECODER_PORT_ID, 0
0x01F6	0x00B8      	MOVWF      FARG_gpio_writepin_port_id
0x01F7	0x0831      	MOVF       FARG_seven_segment_DECODER_PORT_ID+1, 0
0x01F8	0x00B9      	MOVWF      FARG_gpio_writepin_port_id+1
0x01F9	0x3001      	MOVLW      1
0x01FA	0x00BA      	MOVWF      FARG_gpio_writepin_pin_id
0x01FB	0x3000      	MOVLW      0
0x01FC	0x00BB      	MOVWF      FARG_gpio_writepin_pin_id+1
0x01FD	0x3002      	MOVLW      2
0x01FE	0x0532      	ANDWF      seven_segment_DECODER_units_L0, 0
0x01FF	0x00BC      	MOVWF      FARG_gpio_writepin_value
0x0200	0x0833      	MOVF       seven_segment_DECODER_units_L0+1, 0
0x0201	0x00BD      	MOVWF      FARG_gpio_writepin_value+1
0x0202	0x3000      	MOVLW      0
0x0203	0x05BD      	ANDWF      FARG_gpio_writepin_value+1, 1
0x0204	0x0CBD      	RRF        FARG_gpio_writepin_value+1, 1
0x0205	0x0CBC      	RRF        FARG_gpio_writepin_value, 1
0x0206	0x13BD      	BCF        FARG_gpio_writepin_value+1, 7
0x0207	0x1B3D      	BTFSC      FARG_gpio_writepin_value+1, 6
0x0208	0x17BD      	BSF        FARG_gpio_writepin_value+1, 7
0x0209	0x2044      	CALL       _gpio_writepin
;cproject.c,93 :: 		gpio_writepin(PORT_ID,PIN2_ID,READ_BIT(units,2));
0x020A	0x0830      	MOVF       FARG_seven_segment_DECODER_PORT_ID, 0
0x020B	0x00B8      	MOVWF      FARG_gpio_writepin_port_id
0x020C	0x0831      	MOVF       FARG_seven_segment_DECODER_PORT_ID+1, 0
0x020D	0x00B9      	MOVWF      FARG_gpio_writepin_port_id+1
0x020E	0x3002      	MOVLW      2
0x020F	0x00BA      	MOVWF      FARG_gpio_writepin_pin_id
0x0210	0x3000      	MOVLW      0
0x0211	0x00BB      	MOVWF      FARG_gpio_writepin_pin_id+1
0x0212	0x3004      	MOVLW      4
0x0213	0x0532      	ANDWF      seven_segment_DECODER_units_L0, 0
0x0214	0x00BC      	MOVWF      FARG_gpio_writepin_value
0x0215	0x0833      	MOVF       seven_segment_DECODER_units_L0+1, 0
0x0216	0x00BD      	MOVWF      FARG_gpio_writepin_value+1
0x0217	0x3000      	MOVLW      0
0x0218	0x05BD      	ANDWF      FARG_gpio_writepin_value+1, 1
0x0219	0x0CBD      	RRF        FARG_gpio_writepin_value+1, 1
0x021A	0x0CBC      	RRF        FARG_gpio_writepin_value, 1
0x021B	0x13BD      	BCF        FARG_gpio_writepin_value+1, 7
0x021C	0x1B3D      	BTFSC      FARG_gpio_writepin_value+1, 6
0x021D	0x17BD      	BSF        FARG_gpio_writepin_value+1, 7
0x021E	0x0CBD      	RRF        FARG_gpio_writepin_value+1, 1
0x021F	0x0CBC      	RRF        FARG_gpio_writepin_value, 1
0x0220	0x13BD      	BCF        FARG_gpio_writepin_value+1, 7
0x0221	0x1B3D      	BTFSC      FARG_gpio_writepin_value+1, 6
0x0222	0x17BD      	BSF        FARG_gpio_writepin_value+1, 7
0x0223	0x2044      	CALL       _gpio_writepin
;cproject.c,94 :: 		gpio_writepin(PORT_ID,PIN3_ID,READ_BIT(units,3));
0x0224	0x0830      	MOVF       FARG_seven_segment_DECODER_PORT_ID, 0
0x0225	0x00B8      	MOVWF      FARG_gpio_writepin_port_id
0x0226	0x0831      	MOVF       FARG_seven_segment_DECODER_PORT_ID+1, 0
0x0227	0x00B9      	MOVWF      FARG_gpio_writepin_port_id+1
0x0228	0x3003      	MOVLW      3
0x0229	0x00BA      	MOVWF      FARG_gpio_writepin_pin_id
0x022A	0x3000      	MOVLW      0
0x022B	0x00BB      	MOVWF      FARG_gpio_writepin_pin_id+1
0x022C	0x3008      	MOVLW      8
0x022D	0x0532      	ANDWF      seven_segment_DECODER_units_L0, 0
0x022E	0x00BC      	MOVWF      FARG_gpio_writepin_value
0x022F	0x0833      	MOVF       seven_segment_DECODER_units_L0+1, 0
0x0230	0x00BD      	MOVWF      FARG_gpio_writepin_value+1
0x0231	0x3000      	MOVLW      0
0x0232	0x05BD      	ANDWF      FARG_gpio_writepin_value+1, 1
0x0233	0x3003      	MOVLW      3
0x0234	0x00F0      	MOVWF      R0
0x0235	0x0870      	MOVF       R0, 0
L__seven_segment_DECODER142:
0x0236	0x1903      	BTFSC      STATUS, 2
0x0237	0x2A3F      	GOTO       L__seven_segment_DECODER143
0x0238	0x0CBD      	RRF        FARG_gpio_writepin_value+1, 1
0x0239	0x0CBC      	RRF        FARG_gpio_writepin_value, 1
0x023A	0x13BD      	BCF        FARG_gpio_writepin_value+1, 7
0x023B	0x1B3D      	BTFSC      FARG_gpio_writepin_value+1, 6
0x023C	0x17BD      	BSF        FARG_gpio_writepin_value+1, 7
0x023D	0x3EFF      	ADDLW      255
0x023E	0x2A36      	GOTO       L__seven_segment_DECODER142
L__seven_segment_DECODER143:
0x023F	0x2044      	CALL       _gpio_writepin
;cproject.c,95 :: 		gpio_writepin(PORT_ID,PIN4_ID,READ_BIT(tens,0));
0x0240	0x0830      	MOVF       FARG_seven_segment_DECODER_PORT_ID, 0
0x0241	0x00B8      	MOVWF      FARG_gpio_writepin_port_id
0x0242	0x0831      	MOVF       FARG_seven_segment_DECODER_PORT_ID+1, 0
0x0243	0x00B9      	MOVWF      FARG_gpio_writepin_port_id+1
0x0244	0x3004      	MOVLW      4
0x0245	0x00BA      	MOVWF      FARG_gpio_writepin_pin_id
0x0246	0x3000      	MOVLW      0
0x0247	0x00BB      	MOVWF      FARG_gpio_writepin_pin_id+1
0x0248	0x3001      	MOVLW      1
0x0249	0x0534      	ANDWF      seven_segment_DECODER_tens_L0, 0
0x024A	0x00BC      	MOVWF      FARG_gpio_writepin_value
0x024B	0x0835      	MOVF       seven_segment_DECODER_tens_L0+1, 0
0x024C	0x00BD      	MOVWF      FARG_gpio_writepin_value+1
0x024D	0x3000      	MOVLW      0
0x024E	0x05BD      	ANDWF      FARG_gpio_writepin_value+1, 1
0x024F	0x2044      	CALL       _gpio_writepin
;cproject.c,96 :: 		gpio_writepin(PORT_ID,PIN5_ID,READ_BIT(tens,1));
0x0250	0x0830      	MOVF       FARG_seven_segment_DECODER_PORT_ID, 0
0x0251	0x00B8      	MOVWF      FARG_gpio_writepin_port_id
0x0252	0x0831      	MOVF       FARG_seven_segment_DECODER_PORT_ID+1, 0
0x0253	0x00B9      	MOVWF      FARG_gpio_writepin_port_id+1
0x0254	0x3005      	MOVLW      5
0x0255	0x00BA      	MOVWF      FARG_gpio_writepin_pin_id
0x0256	0x3000      	MOVLW      0
0x0257	0x00BB      	MOVWF      FARG_gpio_writepin_pin_id+1
0x0258	0x3002      	MOVLW      2
0x0259	0x0534      	ANDWF      seven_segment_DECODER_tens_L0, 0
0x025A	0x00BC      	MOVWF      FARG_gpio_writepin_value
0x025B	0x0835      	MOVF       seven_segment_DECODER_tens_L0+1, 0
0x025C	0x00BD      	MOVWF      FARG_gpio_writepin_value+1
0x025D	0x3000      	MOVLW      0
0x025E	0x05BD      	ANDWF      FARG_gpio_writepin_value+1, 1
0x025F	0x0CBD      	RRF        FARG_gpio_writepin_value+1, 1
0x0260	0x0CBC      	RRF        FARG_gpio_writepin_value, 1
0x0261	0x13BD      	BCF        FARG_gpio_writepin_value+1, 7
0x0262	0x1B3D      	BTFSC      FARG_gpio_writepin_value+1, 6
0x0263	0x17BD      	BSF        FARG_gpio_writepin_value+1, 7
0x0264	0x2044      	CALL       _gpio_writepin
;cproject.c,97 :: 		gpio_writepin(PORT_ID,PIN6_ID,READ_BIT(tens,2));
0x0265	0x0830      	MOVF       FARG_seven_segment_DECODER_PORT_ID, 0
0x0266	0x00B8      	MOVWF      FARG_gpio_writepin_port_id
0x0267	0x0831      	MOVF       FARG_seven_segment_DECODER_PORT_ID+1, 0
0x0268	0x00B9      	MOVWF      FARG_gpio_writepin_port_id+1
0x0269	0x3006      	MOVLW      6
0x026A	0x00BA      	MOVWF      FARG_gpio_writepin_pin_id
0x026B	0x3000      	MOVLW      0
0x026C	0x00BB      	MOVWF      FARG_gpio_writepin_pin_id+1
0x026D	0x3004      	MOVLW      4
0x026E	0x0534      	ANDWF      seven_segment_DECODER_tens_L0, 0
0x026F	0x00BC      	MOVWF      FARG_gpio_writepin_value
0x0270	0x0835      	MOVF       seven_segment_DECODER_tens_L0+1, 0
0x0271	0x00BD      	MOVWF      FARG_gpio_writepin_value+1
0x0272	0x3000      	MOVLW      0
0x0273	0x05BD      	ANDWF      FARG_gpio_writepin_value+1, 1
0x0274	0x0CBD      	RRF        FARG_gpio_writepin_value+1, 1
0x0275	0x0CBC      	RRF        FARG_gpio_writepin_value, 1
0x0276	0x13BD      	BCF        FARG_gpio_writepin_value+1, 7
0x0277	0x1B3D      	BTFSC      FARG_gpio_writepin_value+1, 6
0x0278	0x17BD      	BSF        FARG_gpio_writepin_value+1, 7
0x0279	0x0CBD      	RRF        FARG_gpio_writepin_value+1, 1
0x027A	0x0CBC      	RRF        FARG_gpio_writepin_value, 1
0x027B	0x13BD      	BCF        FARG_gpio_writepin_value+1, 7
0x027C	0x1B3D      	BTFSC      FARG_gpio_writepin_value+1, 6
0x027D	0x17BD      	BSF        FARG_gpio_writepin_value+1, 7
0x027E	0x2044      	CALL       _gpio_writepin
;cproject.c,98 :: 		gpio_writepin(PORT_ID,PIN7_ID,READ_BIT(tens,3));
0x027F	0x0830      	MOVF       FARG_seven_segment_DECODER_PORT_ID, 0
0x0280	0x00B8      	MOVWF      FARG_gpio_writepin_port_id
0x0281	0x0831      	MOVF       FARG_seven_segment_DECODER_PORT_ID+1, 0
0x0282	0x00B9      	MOVWF      FARG_gpio_writepin_port_id+1
0x0283	0x3007      	MOVLW      7
0x0284	0x00BA      	MOVWF      FARG_gpio_writepin_pin_id
0x0285	0x3000      	MOVLW      0
0x0286	0x00BB      	MOVWF      FARG_gpio_writepin_pin_id+1
0x0287	0x3008      	MOVLW      8
0x0288	0x0534      	ANDWF      seven_segment_DECODER_tens_L0, 0
0x0289	0x00BC      	MOVWF      FARG_gpio_writepin_value
0x028A	0x0835      	MOVF       seven_segment_DECODER_tens_L0+1, 0
0x028B	0x00BD      	MOVWF      FARG_gpio_writepin_value+1
0x028C	0x3000      	MOVLW      0
0x028D	0x05BD      	ANDWF      FARG_gpio_writepin_value+1, 1
0x028E	0x3003      	MOVLW      3
0x028F	0x00F0      	MOVWF      R0
0x0290	0x0870      	MOVF       R0, 0
L__seven_segment_DECODER144:
0x0291	0x1903      	BTFSC      STATUS, 2
0x0292	0x2A9A      	GOTO       L__seven_segment_DECODER145
0x0293	0x0CBD      	RRF        FARG_gpio_writepin_value+1, 1
0x0294	0x0CBC      	RRF        FARG_gpio_writepin_value, 1
0x0295	0x13BD      	BCF        FARG_gpio_writepin_value+1, 7
0x0296	0x1B3D      	BTFSC      FARG_gpio_writepin_value+1, 6
0x0297	0x17BD      	BSF        FARG_gpio_writepin_value+1, 7
0x0298	0x3EFF      	ADDLW      255
0x0299	0x2A91      	GOTO       L__seven_segment_DECODER144
L__seven_segment_DECODER145:
0x029A	0x2044      	CALL       _gpio_writepin
;cproject.c,99 :: 		}
L_end_seven_segment_DECODER:
0x029B	0x0008      	RETURN
; end of _seven_segment_DECODER
_traficinit:
;cproject.c,110 :: 		void traficinit(){
;cproject.c,111 :: 		adcon1=6;
0x029C	0x3006      	MOVLW      6
0x029D	0x1683      	BSF        STATUS, 5
0x029E	0x1303      	BCF        STATUS, 6
0x029F	0x009F      	MOVWF      ADCON1
;cproject.c,112 :: 		trisc=0;
0x02A0	0x0187      	CLRF       TRISC
;cproject.c,113 :: 		trisd=0;
0x02A1	0x0188      	CLRF       TRISD
;cproject.c,114 :: 		trisa=0;
0x02A2	0x0185      	CLRF       TRISA
;cproject.c,116 :: 		trisb=0b00000011;
0x02A3	0x3003      	MOVLW      3
0x02A4	0x0086      	MOVWF      TRISB
;cproject.c,117 :: 		INTCON.GIE= 1;
0x02A5	0x178B      	BSF        INTCON, 7
;cproject.c,118 :: 		INTCON.INTE=1;
0x02A6	0x160B      	BSF        INTCON, 4
;cproject.c,119 :: 		OPTION_REG.INTEDG=1;  // rising edge 0>>1
0x02A7	0x1701      	BSF        OPTION_REG, 6
;cproject.c,120 :: 		cont2 =1;
0x02A8	0x1283      	BCF        STATUS, 5
0x02A9	0x1586      	BSF        PORTB, 3
;cproject.c,121 :: 		cont1=1;
0x02AA	0x1506      	BSF        PORTB, 2
;cproject.c,122 :: 		cont3=1;
0x02AB	0x1606      	BSF        PORTB, 4
;cproject.c,123 :: 		cont4=1;
0x02AC	0x1686      	BSF        PORTB, 5
;cproject.c,124 :: 		portc=0;
0x02AD	0x0187      	CLRF       PORTC
;cproject.c,125 :: 		portd=0;
0x02AE	0x0188      	CLRF       PORTD
;cproject.c,126 :: 		t1_r=0;
0x02AF	0x1005      	BCF        PORTA, 0
;cproject.c,127 :: 		t2_g=0;
0x02B0	0x1306      	BCF        PORTB, 6
;cproject.c,128 :: 		t1_g=0;
0x02B1	0x1105      	BCF        PORTA, 2
;cproject.c,129 :: 		t1_y=0;
0x02B2	0x1085      	BCF        PORTA, 1
;cproject.c,130 :: 		t2_r=0;
0x02B3	0x1185      	BCF        PORTA, 3
;cproject.c,131 :: 		t2_y=0;
0x02B4	0x1386      	BCF        PORTB, 7
;cproject.c,132 :: 		}
L_end_traficinit:
0x02B5	0x0008      	RETURN
; end of _traficinit
_manual_function:
;cproject.c,142 :: 		void manual_function(){
;cproject.c,144 :: 		while(1){
L_manual_function23:
;cproject.c,145 :: 		if(m_a==0){     // automatic traffic works if the m_a button is not pressed
0x02B6	0x1283      	BCF        STATUS, 5
0x02B7	0x1303      	BCF        STATUS, 6
0x02B8	0x1886      	BTFSC      PORTB, 1
0x02B9	0x2CA9      	GOTO       L_manual_function25
;cproject.c,146 :: 		int j ; int fl =0;
0x02BA	0x01AC      	CLRF       manual_function_fl_L2
0x02BB	0x01AD      	CLRF       manual_function_fl_L2+1
;cproject.c,147 :: 		t1_r=1;
0x02BC	0x1405      	BSF        PORTA, 0
;cproject.c,148 :: 		t1_g=0;
0x02BD	0x1105      	BCF        PORTA, 2
;cproject.c,149 :: 		t1_y=0;
0x02BE	0x1085      	BCF        PORTA, 1
;cproject.c,150 :: 		t2_r=0;
0x02BF	0x1185      	BCF        PORTA, 3
;cproject.c,151 :: 		t2_y=1;
0x02C0	0x1786      	BSF        PORTB, 7
;cproject.c,152 :: 		t2_g=0;
0x02C1	0x1306      	BCF        PORTB, 6
;cproject.c,153 :: 		for( j =0 ; j<= 38 ; j++){
0x02C2	0x01A8      	CLRF       manual_function_j_L2
0x02C3	0x01A9      	CLRF       manual_function_j_L2+1
L_manual_function26:
0x02C4	0x3080      	MOVLW      128
0x02C5	0x00F0      	MOVWF      R0
0x02C6	0x3080      	MOVLW      128
0x02C7	0x0629      	XORWF      manual_function_j_L2+1, 0
0x02C8	0x0270      	SUBWF      R0, 0
0x02C9	0x1D03      	BTFSS      STATUS, 2
0x02CA	0x2ACD      	GOTO       L__manual_function151
0x02CB	0x0828      	MOVF       manual_function_j_L2, 0
0x02CC	0x3C26      	SUBLW      38
L__manual_function151:
0x02CD	0x1C03      	BTFSS      STATUS, 0
0x02CE	0x2CA8      	GOTO       L_manual_function27
;cproject.c,154 :: 		while(1){
L_manual_function29:
;cproject.c,155 :: 		if(m_a==1){
0x02CF	0x1C86      	BTFSS      PORTB, 1
0x02D0	0x2BA8      	GOTO       L_manual_function31
;cproject.c,156 :: 		seven_segment_DECODER(0 ,2);
0x02D1	0x01AE      	CLRF       FARG_seven_segment_DECODER_value
0x02D2	0x01AF      	CLRF       FARG_seven_segment_DECODER_value+1
0x02D3	0x3002      	MOVLW      2
0x02D4	0x00B0      	MOVWF      FARG_seven_segment_DECODER_PORT_ID
0x02D5	0x3000      	MOVLW      0
0x02D6	0x00B1      	MOVWF      FARG_seven_segment_DECODER_PORT_ID+1
0x02D7	0x21C3      	CALL       _seven_segment_DECODER
;cproject.c,157 :: 		seven_segment_DECODER(0 ,3 );
0x02D8	0x01AE      	CLRF       FARG_seven_segment_DECODER_value
0x02D9	0x01AF      	CLRF       FARG_seven_segment_DECODER_value+1
0x02DA	0x3003      	MOVLW      3
0x02DB	0x00B0      	MOVWF      FARG_seven_segment_DECODER_PORT_ID
0x02DC	0x3000      	MOVLW      0
0x02DD	0x00B1      	MOVWF      FARG_seven_segment_DECODER_PORT_ID+1
0x02DE	0x21C3      	CALL       _seven_segment_DECODER
;cproject.c,158 :: 		if(  count ==0  && v >1){
0x02DF	0x3000      	MOVLW      0
0x02E0	0x0621      	XORWF      _count+1, 0
0x02E1	0x1D03      	BTFSS      STATUS, 2
0x02E2	0x2AE5      	GOTO       L__manual_function152
0x02E3	0x3000      	MOVLW      0
0x02E4	0x0620      	XORWF      _count, 0
L__manual_function152:
0x02E5	0x1D03      	BTFSS      STATUS, 2
0x02E6	0x2AF9      	GOTO       L_manual_function34
0x02E7	0x3080      	MOVLW      128
0x02E8	0x00F0      	MOVWF      R0
0x02E9	0x3080      	MOVLW      128
0x02EA	0x0625      	XORWF      _v+1, 0
0x02EB	0x0270      	SUBWF      R0, 0
0x02EC	0x1D03      	BTFSS      STATUS, 2
0x02ED	0x2AF0      	GOTO       L__manual_function153
0x02EE	0x0824      	MOVF       _v, 0
0x02EF	0x3C01      	SUBLW      1
L__manual_function153:
0x02F0	0x1803      	BTFSC      STATUS, 0
0x02F1	0x2AF9      	GOTO       L_manual_function34
L__manual_function104:
;cproject.c,159 :: 		t1_r=0;
0x02F2	0x1005      	BCF        PORTA, 0
;cproject.c,160 :: 		t2_g=0;
0x02F3	0x1306      	BCF        PORTB, 6
;cproject.c,161 :: 		t1_g=0;
0x02F4	0x1105      	BCF        PORTA, 2
;cproject.c,162 :: 		t1_y=0;
0x02F5	0x1085      	BCF        PORTA, 1
;cproject.c,163 :: 		t2_r=0;
0x02F6	0x1185      	BCF        PORTA, 3
;cproject.c,164 :: 		t2_y=0;
0x02F7	0x1386      	BCF        PORTB, 7
;cproject.c,165 :: 		}
0x02F8	0x2BA4      	GOTO       L_manual_function35
L_manual_function34:
;cproject.c,166 :: 		else  if(count ==1) {
0x02F9	0x3000      	MOVLW      0
0x02FA	0x0621      	XORWF      _count+1, 0
0x02FB	0x1D03      	BTFSS      STATUS, 2
0x02FC	0x2AFF      	GOTO       L__manual_function154
0x02FD	0x3001      	MOVLW      1
0x02FE	0x0620      	XORWF      _count, 0
L__manual_function154:
0x02FF	0x1D03      	BTFSS      STATUS, 2
0x0300	0x2B4E      	GOTO       L_manual_function36
;cproject.c,168 :: 		t1_r=1;
0x0301	0x1405      	BSF        PORTA, 0
;cproject.c,169 :: 		t1_g=0;
0x0302	0x1105      	BCF        PORTA, 2
;cproject.c,170 :: 		t1_y=0;
0x0303	0x1085      	BCF        PORTA, 1
;cproject.c,171 :: 		t2_r=0;
0x0304	0x1185      	BCF        PORTA, 3
;cproject.c,173 :: 		for( i=0 ; i<4 ;i++){
0x0305	0x01AA      	CLRF       manual_function_i_L0
0x0306	0x01AB      	CLRF       manual_function_i_L0+1
L_manual_function37:
0x0307	0x3080      	MOVLW      128
0x0308	0x062B      	XORWF      manual_function_i_L0+1, 0
0x0309	0x00F0      	MOVWF      R0
0x030A	0x3080      	MOVLW      128
0x030B	0x0270      	SUBWF      R0, 0
0x030C	0x1D03      	BTFSS      STATUS, 2
0x030D	0x2B10      	GOTO       L__manual_function155
0x030E	0x3004      	MOVLW      4
0x030F	0x022A      	SUBWF      manual_function_i_L0, 0
L__manual_function155:
0x0310	0x1803      	BTFSC      STATUS, 0
0x0311	0x2B2F      	GOTO       L_manual_function38
;cproject.c,174 :: 		t2_g=0;
0x0312	0x1306      	BCF        PORTB, 6
;cproject.c,175 :: 		t2_y=1;
0x0313	0x1786      	BSF        PORTB, 7
;cproject.c,177 :: 		seven_segment_DECODER(i ,3 );
0x0314	0x082A      	MOVF       manual_function_i_L0, 0
0x0315	0x00AE      	MOVWF      FARG_seven_segment_DECODER_value
0x0316	0x082B      	MOVF       manual_function_i_L0+1, 0
0x0317	0x00AF      	MOVWF      FARG_seven_segment_DECODER_value+1
0x0318	0x3003      	MOVLW      3
0x0319	0x00B0      	MOVWF      FARG_seven_segment_DECODER_PORT_ID
0x031A	0x3000      	MOVLW      0
0x031B	0x00B1      	MOVWF      FARG_seven_segment_DECODER_PORT_ID+1
0x031C	0x21C3      	CALL       _seven_segment_DECODER
;cproject.c,178 :: 		delay_ms(1000);
0x031D	0x300B      	MOVLW      11
0x031E	0x00FB      	MOVWF      R11
0x031F	0x3026      	MOVLW      38
0x0320	0x00FC      	MOVWF      R12
0x0321	0x305D      	MOVLW      93
0x0322	0x00FD      	MOVWF      R13
L_manual_function40:
0x0323	0x0BFD      	DECFSZ     R13, 1
0x0324	0x2B23      	GOTO       L_manual_function40
0x0325	0x0BFC      	DECFSZ     R12, 1
0x0326	0x2B23      	GOTO       L_manual_function40
0x0327	0x0BFB      	DECFSZ     R11, 1
0x0328	0x2B23      	GOTO       L_manual_function40
0x0329	0x0000      	NOP
0x032A	0x0000      	NOP
;cproject.c,173 :: 		for( i=0 ; i<4 ;i++){
0x032B	0x0AAA      	INCF       manual_function_i_L0, 1
0x032C	0x1903      	BTFSC      STATUS, 2
0x032D	0x0AAB      	INCF       manual_function_i_L0+1, 1
;cproject.c,180 :: 		}
0x032E	0x2B07      	GOTO       L_manual_function37
L_manual_function38:
;cproject.c,181 :: 		t2_g=1;
0x032F	0x1706      	BSF        PORTB, 6
;cproject.c,182 :: 		t2_y=0;
0x0330	0x1386      	BCF        PORTB, 7
;cproject.c,183 :: 		seven_segment_DECODER(0,2);
0x0331	0x01AE      	CLRF       FARG_seven_segment_DECODER_value
0x0332	0x01AF      	CLRF       FARG_seven_segment_DECODER_value+1
0x0333	0x3002      	MOVLW      2
0x0334	0x00B0      	MOVWF      FARG_seven_segment_DECODER_PORT_ID
0x0335	0x3000      	MOVLW      0
0x0336	0x00B1      	MOVWF      FARG_seven_segment_DECODER_PORT_ID+1
0x0337	0x21C3      	CALL       _seven_segment_DECODER
;cproject.c,184 :: 		seven_segment_DECODER(0 ,3 );
0x0338	0x01AE      	CLRF       FARG_seven_segment_DECODER_value
0x0339	0x01AF      	CLRF       FARG_seven_segment_DECODER_value+1
0x033A	0x3003      	MOVLW      3
0x033B	0x00B0      	MOVWF      FARG_seven_segment_DECODER_PORT_ID
0x033C	0x3000      	MOVLW      0
0x033D	0x00B1      	MOVWF      FARG_seven_segment_DECODER_PORT_ID+1
0x033E	0x21C3      	CALL       _seven_segment_DECODER
;cproject.c,185 :: 		while(m_a==1 && count ==1)
L_manual_function41:
0x033F	0x1C86      	BTFSS      PORTB, 1
0x0340	0x2B4D      	GOTO       L_manual_function42
0x0341	0x3000      	MOVLW      0
0x0342	0x0621      	XORWF      _count+1, 0
0x0343	0x1D03      	BTFSS      STATUS, 2
0x0344	0x2B47      	GOTO       L__manual_function156
0x0345	0x3001      	MOVLW      1
0x0346	0x0620      	XORWF      _count, 0
L__manual_function156:
0x0347	0x1D03      	BTFSS      STATUS, 2
0x0348	0x2B4D      	GOTO       L_manual_function42
L__manual_function103:
;cproject.c,186 :: 		while(portb.b0==1) ;
L_manual_function45:
0x0349	0x1C06      	BTFSS      PORTB, 0
0x034A	0x2B4C      	GOTO       L_manual_function46
0x034B	0x2B49      	GOTO       L_manual_function45
L_manual_function46:
0x034C	0x2B3F      	GOTO       L_manual_function41
L_manual_function42:
;cproject.c,187 :: 		}
0x034D	0x2BA4      	GOTO       L_manual_function47
L_manual_function36:
;cproject.c,190 :: 		else if(count ==2){
0x034E	0x3000      	MOVLW      0
0x034F	0x0621      	XORWF      _count+1, 0
0x0350	0x1D03      	BTFSS      STATUS, 2
0x0351	0x2B54      	GOTO       L__manual_function157
0x0352	0x3002      	MOVLW      2
0x0353	0x0620      	XORWF      _count, 0
L__manual_function157:
0x0354	0x1D03      	BTFSS      STATUS, 2
0x0355	0x2BA4      	GOTO       L_manual_function48
;cproject.c,191 :: 		count=0 ;
0x0356	0x01A0      	CLRF       _count
0x0357	0x01A1      	CLRF       _count+1
;cproject.c,192 :: 		t1_r=0;
0x0358	0x1005      	BCF        PORTA, 0
;cproject.c,193 :: 		t2_g=0;
0x0359	0x1306      	BCF        PORTB, 6
;cproject.c,194 :: 		t2_r=1;
0x035A	0x1585      	BSF        PORTA, 3
;cproject.c,195 :: 		t2_y=0;
0x035B	0x1386      	BCF        PORTB, 7
;cproject.c,196 :: 		for( i=0 ; i<4 ;i++){
0x035C	0x01AA      	CLRF       manual_function_i_L0
0x035D	0x01AB      	CLRF       manual_function_i_L0+1
L_manual_function49:
0x035E	0x3080      	MOVLW      128
0x035F	0x062B      	XORWF      manual_function_i_L0+1, 0
0x0360	0x00F0      	MOVWF      R0
0x0361	0x3080      	MOVLW      128
0x0362	0x0270      	SUBWF      R0, 0
0x0363	0x1D03      	BTFSS      STATUS, 2
0x0364	0x2B67      	GOTO       L__manual_function158
0x0365	0x3004      	MOVLW      4
0x0366	0x022A      	SUBWF      manual_function_i_L0, 0
L__manual_function158:
0x0367	0x1803      	BTFSC      STATUS, 0
0x0368	0x2B86      	GOTO       L_manual_function50
;cproject.c,198 :: 		t1_g=0;
0x0369	0x1105      	BCF        PORTA, 2
;cproject.c,199 :: 		t1_y=1;
0x036A	0x1485      	BSF        PORTA, 1
;cproject.c,200 :: 		seven_segment_DECODER(i ,2);
0x036B	0x082A      	MOVF       manual_function_i_L0, 0
0x036C	0x00AE      	MOVWF      FARG_seven_segment_DECODER_value
0x036D	0x082B      	MOVF       manual_function_i_L0+1, 0
0x036E	0x00AF      	MOVWF      FARG_seven_segment_DECODER_value+1
0x036F	0x3002      	MOVLW      2
0x0370	0x00B0      	MOVWF      FARG_seven_segment_DECODER_PORT_ID
0x0371	0x3000      	MOVLW      0
0x0372	0x00B1      	MOVWF      FARG_seven_segment_DECODER_PORT_ID+1
0x0373	0x21C3      	CALL       _seven_segment_DECODER
;cproject.c,201 :: 		delay_ms(1000);
0x0374	0x300B      	MOVLW      11
0x0375	0x00FB      	MOVWF      R11
0x0376	0x3026      	MOVLW      38
0x0377	0x00FC      	MOVWF      R12
0x0378	0x305D      	MOVLW      93
0x0379	0x00FD      	MOVWF      R13
L_manual_function52:
0x037A	0x0BFD      	DECFSZ     R13, 1
0x037B	0x2B7A      	GOTO       L_manual_function52
0x037C	0x0BFC      	DECFSZ     R12, 1
0x037D	0x2B7A      	GOTO       L_manual_function52
0x037E	0x0BFB      	DECFSZ     R11, 1
0x037F	0x2B7A      	GOTO       L_manual_function52
0x0380	0x0000      	NOP
0x0381	0x0000      	NOP
;cproject.c,196 :: 		for( i=0 ; i<4 ;i++){
0x0382	0x0AAA      	INCF       manual_function_i_L0, 1
0x0383	0x1903      	BTFSC      STATUS, 2
0x0384	0x0AAB      	INCF       manual_function_i_L0+1, 1
;cproject.c,203 :: 		}
0x0385	0x2B5E      	GOTO       L_manual_function49
L_manual_function50:
;cproject.c,205 :: 		t1_y=0;
0x0386	0x1085      	BCF        PORTA, 1
;cproject.c,206 :: 		t1_g=1;
0x0387	0x1505      	BSF        PORTA, 2
;cproject.c,207 :: 		seven_segment_DECODER(0,2);
0x0388	0x01AE      	CLRF       FARG_seven_segment_DECODER_value
0x0389	0x01AF      	CLRF       FARG_seven_segment_DECODER_value+1
0x038A	0x3002      	MOVLW      2
0x038B	0x00B0      	MOVWF      FARG_seven_segment_DECODER_PORT_ID
0x038C	0x3000      	MOVLW      0
0x038D	0x00B1      	MOVWF      FARG_seven_segment_DECODER_PORT_ID+1
0x038E	0x21C3      	CALL       _seven_segment_DECODER
;cproject.c,208 :: 		seven_segment_DECODER(0 ,3 );
0x038F	0x01AE      	CLRF       FARG_seven_segment_DECODER_value
0x0390	0x01AF      	CLRF       FARG_seven_segment_DECODER_value+1
0x0391	0x3003      	MOVLW      3
0x0392	0x00B0      	MOVWF      FARG_seven_segment_DECODER_PORT_ID
0x0393	0x3000      	MOVLW      0
0x0394	0x00B1      	MOVWF      FARG_seven_segment_DECODER_PORT_ID+1
0x0395	0x21C3      	CALL       _seven_segment_DECODER
;cproject.c,209 :: 		while(m_a==1 && count ==0){
L_manual_function53:
0x0396	0x1C86      	BTFSS      PORTB, 1
0x0397	0x2BA4      	GOTO       L_manual_function54
0x0398	0x3000      	MOVLW      0
0x0399	0x0621      	XORWF      _count+1, 0
0x039A	0x1D03      	BTFSS      STATUS, 2
0x039B	0x2B9E      	GOTO       L__manual_function159
0x039C	0x3000      	MOVLW      0
0x039D	0x0620      	XORWF      _count, 0
L__manual_function159:
0x039E	0x1D03      	BTFSS      STATUS, 2
0x039F	0x2BA4      	GOTO       L_manual_function54
L__manual_function102:
;cproject.c,212 :: 		while(portb.b0==1) ;     }
L_manual_function57:
0x03A0	0x1C06      	BTFSS      PORTB, 0
0x03A1	0x2BA3      	GOTO       L_manual_function58
0x03A2	0x2BA0      	GOTO       L_manual_function57
L_manual_function58:
0x03A3	0x2B96      	GOTO       L_manual_function53
L_manual_function54:
;cproject.c,214 :: 		}
L_manual_function48:
L_manual_function47:
L_manual_function35:
;cproject.c,216 :: 		fl++;
0x03A4	0x0AAC      	INCF       manual_function_fl_L2, 1
0x03A5	0x1903      	BTFSC      STATUS, 2
0x03A6	0x0AAD      	INCF       manual_function_fl_L2+1, 1
;cproject.c,217 :: 		}
0x03A7	0x2BA9      	GOTO       L_manual_function59
L_manual_function31:
;cproject.c,220 :: 		break; }
0x03A8	0x2BAA      	GOTO       L_manual_function30
L_manual_function59:
;cproject.c,221 :: 		}
0x03A9	0x2ACF      	GOTO       L_manual_function29
L_manual_function30:
;cproject.c,222 :: 		v++;
0x03AA	0x0AA4      	INCF       _v, 1
0x03AB	0x1903      	BTFSC      STATUS, 2
0x03AC	0x0AA5      	INCF       _v+1, 1
;cproject.c,223 :: 		if(fl>=1)
0x03AD	0x3080      	MOVLW      128
0x03AE	0x062D      	XORWF      manual_function_fl_L2+1, 0
0x03AF	0x00F0      	MOVWF      R0
0x03B0	0x3080      	MOVLW      128
0x03B1	0x0270      	SUBWF      R0, 0
0x03B2	0x1D03      	BTFSS      STATUS, 2
0x03B3	0x2BB6      	GOTO       L__manual_function160
0x03B4	0x3001      	MOVLW      1
0x03B5	0x022C      	SUBWF      manual_function_fl_L2, 0
L__manual_function160:
0x03B6	0x1C03      	BTFSS      STATUS, 0
0x03B7	0x2BB9      	GOTO       L_manual_function60
;cproject.c,224 :: 		break ;
0x03B8	0x2CA8      	GOTO       L_manual_function27
L_manual_function60:
;cproject.c,226 :: 		if(j<=18){
0x03B9	0x3080      	MOVLW      128
0x03BA	0x00F0      	MOVWF      R0
0x03BB	0x3080      	MOVLW      128
0x03BC	0x0629      	XORWF      manual_function_j_L2+1, 0
0x03BD	0x0270      	SUBWF      R0, 0
0x03BE	0x1D03      	BTFSS      STATUS, 2
0x03BF	0x2BC2      	GOTO       L__manual_function161
0x03C0	0x0828      	MOVF       manual_function_j_L2, 0
0x03C1	0x3C12      	SUBLW      18
L__manual_function161:
0x03C2	0x1C03      	BTFSS      STATUS, 0
0x03C3	0x2C6D      	GOTO       L_manual_function61
;cproject.c,227 :: 		count=0;
0x03C4	0x01A0      	CLRF       _count
0x03C5	0x01A1      	CLRF       _count+1
;cproject.c,228 :: 		if(j>3 && j<=15){
0x03C6	0x3080      	MOVLW      128
0x03C7	0x00F0      	MOVWF      R0
0x03C8	0x3080      	MOVLW      128
0x03C9	0x0629      	XORWF      manual_function_j_L2+1, 0
0x03CA	0x0270      	SUBWF      R0, 0
0x03CB	0x1D03      	BTFSS      STATUS, 2
0x03CC	0x2BCF      	GOTO       L__manual_function162
0x03CD	0x0828      	MOVF       manual_function_j_L2, 0
0x03CE	0x3C03      	SUBLW      3
L__manual_function162:
0x03CF	0x1803      	BTFSC      STATUS, 0
0x03D0	0x2C05      	GOTO       L_manual_function64
0x03D1	0x3080      	MOVLW      128
0x03D2	0x00F0      	MOVWF      R0
0x03D3	0x3080      	MOVLW      128
0x03D4	0x0629      	XORWF      manual_function_j_L2+1, 0
0x03D5	0x0270      	SUBWF      R0, 0
0x03D6	0x1D03      	BTFSS      STATUS, 2
0x03D7	0x2BDA      	GOTO       L__manual_function163
0x03D8	0x0828      	MOVF       manual_function_j_L2, 0
0x03D9	0x3C0F      	SUBLW      15
L__manual_function163:
0x03DA	0x1C03      	BTFSS      STATUS, 0
0x03DB	0x2C05      	GOTO       L_manual_function64
L__manual_function101:
;cproject.c,229 :: 		count=0;
0x03DC	0x01A0      	CLRF       _count
0x03DD	0x01A1      	CLRF       _count+1
;cproject.c,230 :: 		t2_g=1;
0x03DE	0x1706      	BSF        PORTB, 6
;cproject.c,231 :: 		t2_y=0;
0x03DF	0x1386      	BCF        PORTB, 7
;cproject.c,232 :: 		seven_segment_DECODER(j-3,3);
0x03E0	0x3003      	MOVLW      3
0x03E1	0x0228      	SUBWF      manual_function_j_L2, 0
0x03E2	0x00AE      	MOVWF      FARG_seven_segment_DECODER_value
0x03E3	0x3000      	MOVLW      0
0x03E4	0x1C03      	BTFSS      STATUS, 0
0x03E5	0x3E01      	ADDLW      1
0x03E6	0x0229      	SUBWF      manual_function_j_L2+1, 0
0x03E7	0x00AF      	MOVWF      FARG_seven_segment_DECODER_value+1
0x03E8	0x3003      	MOVLW      3
0x03E9	0x00B0      	MOVWF      FARG_seven_segment_DECODER_PORT_ID
0x03EA	0x3000      	MOVLW      0
0x03EB	0x00B1      	MOVWF      FARG_seven_segment_DECODER_PORT_ID+1
0x03EC	0x21C3      	CALL       _seven_segment_DECODER
;cproject.c,233 :: 		seven_segment_DECODER(j,2);
0x03ED	0x0828      	MOVF       manual_function_j_L2, 0
0x03EE	0x00AE      	MOVWF      FARG_seven_segment_DECODER_value
0x03EF	0x0829      	MOVF       manual_function_j_L2+1, 0
0x03F0	0x00AF      	MOVWF      FARG_seven_segment_DECODER_value+1
0x03F1	0x3002      	MOVLW      2
0x03F2	0x00B0      	MOVWF      FARG_seven_segment_DECODER_PORT_ID
0x03F3	0x3000      	MOVLW      0
0x03F4	0x00B1      	MOVWF      FARG_seven_segment_DECODER_PORT_ID+1
0x03F5	0x21C3      	CALL       _seven_segment_DECODER
;cproject.c,234 :: 		delay_ms(1000);
0x03F6	0x300B      	MOVLW      11
0x03F7	0x00FB      	MOVWF      R11
0x03F8	0x3026      	MOVLW      38
0x03F9	0x00FC      	MOVWF      R12
0x03FA	0x305D      	MOVLW      93
0x03FB	0x00FD      	MOVWF      R13
L_manual_function65:
0x03FC	0x0BFD      	DECFSZ     R13, 1
0x03FD	0x2BFC      	GOTO       L_manual_function65
0x03FE	0x0BFC      	DECFSZ     R12, 1
0x03FF	0x2BFC      	GOTO       L_manual_function65
0x0400	0x0BFB      	DECFSZ     R11, 1
0x0401	0x2BFC      	GOTO       L_manual_function65
0x0402	0x0000      	NOP
0x0403	0x0000      	NOP
;cproject.c,235 :: 		}
0x0404	0x2C6C      	GOTO       L_manual_function66
L_manual_function64:
;cproject.c,236 :: 		else if(j>15){
0x0405	0x3080      	MOVLW      128
0x0406	0x00F0      	MOVWF      R0
0x0407	0x3080      	MOVLW      128
0x0408	0x0629      	XORWF      manual_function_j_L2+1, 0
0x0409	0x0270      	SUBWF      R0, 0
0x040A	0x1D03      	BTFSS      STATUS, 2
0x040B	0x2C0E      	GOTO       L__manual_function164
0x040C	0x0828      	MOVF       manual_function_j_L2, 0
0x040D	0x3C0F      	SUBLW      15
L__manual_function164:
0x040E	0x1803      	BTFSC      STATUS, 0
0x040F	0x2C3F      	GOTO       L_manual_function67
;cproject.c,237 :: 		count=0;
0x0410	0x01A0      	CLRF       _count
0x0411	0x01A1      	CLRF       _count+1
;cproject.c,238 :: 		t1_r=0;
0x0412	0x1005      	BCF        PORTA, 0
;cproject.c,239 :: 		t1_y=1;
0x0413	0x1485      	BSF        PORTA, 1
;cproject.c,240 :: 		t2_g=0;
0x0414	0x1306      	BCF        PORTB, 6
;cproject.c,241 :: 		t2_r=1;
0x0415	0x1585      	BSF        PORTA, 3
;cproject.c,242 :: 		seven_segment_DECODER(j-15,2);
0x0416	0x300F      	MOVLW      15
0x0417	0x0228      	SUBWF      manual_function_j_L2, 0
0x0418	0x00AE      	MOVWF      FARG_seven_segment_DECODER_value
0x0419	0x3000      	MOVLW      0
0x041A	0x1C03      	BTFSS      STATUS, 0
0x041B	0x3E01      	ADDLW      1
0x041C	0x0229      	SUBWF      manual_function_j_L2+1, 0
0x041D	0x00AF      	MOVWF      FARG_seven_segment_DECODER_value+1
0x041E	0x3002      	MOVLW      2
0x041F	0x00B0      	MOVWF      FARG_seven_segment_DECODER_PORT_ID
0x0420	0x3000      	MOVLW      0
0x0421	0x00B1      	MOVWF      FARG_seven_segment_DECODER_PORT_ID+1
0x0422	0x21C3      	CALL       _seven_segment_DECODER
;cproject.c,243 :: 		seven_segment_DECODER(j-15,3);
0x0423	0x300F      	MOVLW      15
0x0424	0x0228      	SUBWF      manual_function_j_L2, 0
0x0425	0x00AE      	MOVWF      FARG_seven_segment_DECODER_value
0x0426	0x3000      	MOVLW      0
0x0427	0x1C03      	BTFSS      STATUS, 0
0x0428	0x3E01      	ADDLW      1
0x0429	0x0229      	SUBWF      manual_function_j_L2+1, 0
0x042A	0x00AF      	MOVWF      FARG_seven_segment_DECODER_value+1
0x042B	0x3003      	MOVLW      3
0x042C	0x00B0      	MOVWF      FARG_seven_segment_DECODER_PORT_ID
0x042D	0x3000      	MOVLW      0
0x042E	0x00B1      	MOVWF      FARG_seven_segment_DECODER_PORT_ID+1
0x042F	0x21C3      	CALL       _seven_segment_DECODER
;cproject.c,244 :: 		delay_ms(1000);
0x0430	0x300B      	MOVLW      11
0x0431	0x00FB      	MOVWF      R11
0x0432	0x3026      	MOVLW      38
0x0433	0x00FC      	MOVWF      R12
0x0434	0x305D      	MOVLW      93
0x0435	0x00FD      	MOVWF      R13
L_manual_function68:
0x0436	0x0BFD      	DECFSZ     R13, 1
0x0437	0x2C36      	GOTO       L_manual_function68
0x0438	0x0BFC      	DECFSZ     R12, 1
0x0439	0x2C36      	GOTO       L_manual_function68
0x043A	0x0BFB      	DECFSZ     R11, 1
0x043B	0x2C36      	GOTO       L_manual_function68
0x043C	0x0000      	NOP
0x043D	0x0000      	NOP
;cproject.c,245 :: 		}
0x043E	0x2C6C      	GOTO       L_manual_function69
L_manual_function67:
;cproject.c,247 :: 		else if ( j<=3){
0x043F	0x3080      	MOVLW      128
0x0440	0x00F0      	MOVWF      R0
0x0441	0x3080      	MOVLW      128
0x0442	0x0629      	XORWF      manual_function_j_L2+1, 0
0x0443	0x0270      	SUBWF      R0, 0
0x0444	0x1D03      	BTFSS      STATUS, 2
0x0445	0x2C48      	GOTO       L__manual_function165
0x0446	0x0828      	MOVF       manual_function_j_L2, 0
0x0447	0x3C03      	SUBLW      3
L__manual_function165:
0x0448	0x1C03      	BTFSS      STATUS, 0
0x0449	0x2C6C      	GOTO       L_manual_function70
;cproject.c,248 :: 		count=0;
0x044A	0x01A0      	CLRF       _count
0x044B	0x01A1      	CLRF       _count+1
;cproject.c,249 :: 		seven_segment_DECODER(j,3);
0x044C	0x0828      	MOVF       manual_function_j_L2, 0
0x044D	0x00AE      	MOVWF      FARG_seven_segment_DECODER_value
0x044E	0x0829      	MOVF       manual_function_j_L2+1, 0
0x044F	0x00AF      	MOVWF      FARG_seven_segment_DECODER_value+1
0x0450	0x3003      	MOVLW      3
0x0451	0x00B0      	MOVWF      FARG_seven_segment_DECODER_PORT_ID
0x0452	0x3000      	MOVLW      0
0x0453	0x00B1      	MOVWF      FARG_seven_segment_DECODER_PORT_ID+1
0x0454	0x21C3      	CALL       _seven_segment_DECODER
;cproject.c,250 :: 		seven_segment_DECODER(j,2);
0x0455	0x0828      	MOVF       manual_function_j_L2, 0
0x0456	0x00AE      	MOVWF      FARG_seven_segment_DECODER_value
0x0457	0x0829      	MOVF       manual_function_j_L2+1, 0
0x0458	0x00AF      	MOVWF      FARG_seven_segment_DECODER_value+1
0x0459	0x3002      	MOVLW      2
0x045A	0x00B0      	MOVWF      FARG_seven_segment_DECODER_PORT_ID
0x045B	0x3000      	MOVLW      0
0x045C	0x00B1      	MOVWF      FARG_seven_segment_DECODER_PORT_ID+1
0x045D	0x21C3      	CALL       _seven_segment_DECODER
;cproject.c,251 :: 		delay_ms(1000);
0x045E	0x300B      	MOVLW      11
0x045F	0x00FB      	MOVWF      R11
0x0460	0x3026      	MOVLW      38
0x0461	0x00FC      	MOVWF      R12
0x0462	0x305D      	MOVLW      93
0x0463	0x00FD      	MOVWF      R13
L_manual_function71:
0x0464	0x0BFD      	DECFSZ     R13, 1
0x0465	0x2C64      	GOTO       L_manual_function71
0x0466	0x0BFC      	DECFSZ     R12, 1
0x0467	0x2C64      	GOTO       L_manual_function71
0x0468	0x0BFB      	DECFSZ     R11, 1
0x0469	0x2C64      	GOTO       L_manual_function71
0x046A	0x0000      	NOP
0x046B	0x0000      	NOP
;cproject.c,252 :: 		}
L_manual_function70:
L_manual_function69:
L_manual_function66:
;cproject.c,253 :: 		}
0x046C	0x2CA4      	GOTO       L_manual_function72
L_manual_function61:
;cproject.c,254 :: 		else if(j>18){
0x046D	0x3080      	MOVLW      128
0x046E	0x00F0      	MOVWF      R0
0x046F	0x3080      	MOVLW      128
0x0470	0x0629      	XORWF      manual_function_j_L2+1, 0
0x0471	0x0270      	SUBWF      R0, 0
0x0472	0x1D03      	BTFSS      STATUS, 2
0x0473	0x2C76      	GOTO       L__manual_function166
0x0474	0x0828      	MOVF       manual_function_j_L2, 0
0x0475	0x3C12      	SUBLW      18
L__manual_function166:
0x0476	0x1803      	BTFSC      STATUS, 0
0x0477	0x2CA4      	GOTO       L_manual_function73
;cproject.c,255 :: 		count=0;
0x0478	0x01A0      	CLRF       _count
0x0479	0x01A1      	CLRF       _count+1
;cproject.c,256 :: 		t1_y=0;
0x047A	0x1085      	BCF        PORTA, 1
;cproject.c,257 :: 		t1_g=1;
0x047B	0x1505      	BSF        PORTA, 2
;cproject.c,258 :: 		seven_segment_DECODER(j-18,2);
0x047C	0x3012      	MOVLW      18
0x047D	0x0228      	SUBWF      manual_function_j_L2, 0
0x047E	0x00AE      	MOVWF      FARG_seven_segment_DECODER_value
0x047F	0x3000      	MOVLW      0
0x0480	0x1C03      	BTFSS      STATUS, 0
0x0481	0x3E01      	ADDLW      1
0x0482	0x0229      	SUBWF      manual_function_j_L2+1, 0
0x0483	0x00AF      	MOVWF      FARG_seven_segment_DECODER_value+1
0x0484	0x3002      	MOVLW      2
0x0485	0x00B0      	MOVWF      FARG_seven_segment_DECODER_PORT_ID
0x0486	0x3000      	MOVLW      0
0x0487	0x00B1      	MOVWF      FARG_seven_segment_DECODER_PORT_ID+1
0x0488	0x21C3      	CALL       _seven_segment_DECODER
;cproject.c,259 :: 		seven_segment_DECODER(j-15,3);
0x0489	0x300F      	MOVLW      15
0x048A	0x0228      	SUBWF      manual_function_j_L2, 0
0x048B	0x00AE      	MOVWF      FARG_seven_segment_DECODER_value
0x048C	0x3000      	MOVLW      0
0x048D	0x1C03      	BTFSS      STATUS, 0
0x048E	0x3E01      	ADDLW      1
0x048F	0x0229      	SUBWF      manual_function_j_L2+1, 0
0x0490	0x00AF      	MOVWF      FARG_seven_segment_DECODER_value+1
0x0491	0x3003      	MOVLW      3
0x0492	0x00B0      	MOVWF      FARG_seven_segment_DECODER_PORT_ID
0x0493	0x3000      	MOVLW      0
0x0494	0x00B1      	MOVWF      FARG_seven_segment_DECODER_PORT_ID+1
0x0495	0x21C3      	CALL       _seven_segment_DECODER
;cproject.c,260 :: 		delay_ms(1000);
0x0496	0x300B      	MOVLW      11
0x0497	0x00FB      	MOVWF      R11
0x0498	0x3026      	MOVLW      38
0x0499	0x00FC      	MOVWF      R12
0x049A	0x305D      	MOVLW      93
0x049B	0x00FD      	MOVWF      R13
L_manual_function74:
0x049C	0x0BFD      	DECFSZ     R13, 1
0x049D	0x2C9C      	GOTO       L_manual_function74
0x049E	0x0BFC      	DECFSZ     R12, 1
0x049F	0x2C9C      	GOTO       L_manual_function74
0x04A0	0x0BFB      	DECFSZ     R11, 1
0x04A1	0x2C9C      	GOTO       L_manual_function74
0x04A2	0x0000      	NOP
0x04A3	0x0000      	NOP
;cproject.c,261 :: 		}
L_manual_function73:
L_manual_function72:
;cproject.c,153 :: 		for( j =0 ; j<= 38 ; j++){
0x04A4	0x0AA8      	INCF       manual_function_j_L2, 1
0x04A5	0x1903      	BTFSC      STATUS, 2
0x04A6	0x0AA9      	INCF       manual_function_j_L2+1, 1
;cproject.c,264 :: 		}
0x04A7	0x2AC4      	GOTO       L_manual_function26
L_manual_function27:
;cproject.c,265 :: 		}
0x04A8	0x2D62      	GOTO       L_manual_function75
L_manual_function25:
;cproject.c,267 :: 		seven_segment_DECODER(0 ,2);
0x04A9	0x01AE      	CLRF       FARG_seven_segment_DECODER_value
0x04AA	0x01AF      	CLRF       FARG_seven_segment_DECODER_value+1
0x04AB	0x3002      	MOVLW      2
0x04AC	0x00B0      	MOVWF      FARG_seven_segment_DECODER_PORT_ID
0x04AD	0x3000      	MOVLW      0
0x04AE	0x00B1      	MOVWF      FARG_seven_segment_DECODER_PORT_ID+1
0x04AF	0x21C3      	CALL       _seven_segment_DECODER
;cproject.c,268 :: 		seven_segment_DECODER(0 ,3 );
0x04B0	0x01AE      	CLRF       FARG_seven_segment_DECODER_value
0x04B1	0x01AF      	CLRF       FARG_seven_segment_DECODER_value+1
0x04B2	0x3003      	MOVLW      3
0x04B3	0x00B0      	MOVWF      FARG_seven_segment_DECODER_PORT_ID
0x04B4	0x3000      	MOVLW      0
0x04B5	0x00B1      	MOVWF      FARG_seven_segment_DECODER_PORT_ID+1
0x04B6	0x21C3      	CALL       _seven_segment_DECODER
;cproject.c,270 :: 		if(count ==1) {
0x04B7	0x3000      	MOVLW      0
0x04B8	0x0621      	XORWF      _count+1, 0
0x04B9	0x1D03      	BTFSS      STATUS, 2
0x04BA	0x2CBD      	GOTO       L__manual_function167
0x04BB	0x3001      	MOVLW      1
0x04BC	0x0620      	XORWF      _count, 0
L__manual_function167:
0x04BD	0x1D03      	BTFSS      STATUS, 2
0x04BE	0x2D0C      	GOTO       L_manual_function76
;cproject.c,272 :: 		t1_r=1;
0x04BF	0x1405      	BSF        PORTA, 0
;cproject.c,273 :: 		t1_g=0;
0x04C0	0x1105      	BCF        PORTA, 2
;cproject.c,274 :: 		t1_y=0;
0x04C1	0x1085      	BCF        PORTA, 1
;cproject.c,275 :: 		t2_r=0;
0x04C2	0x1185      	BCF        PORTA, 3
;cproject.c,277 :: 		for( i=0 ; i<4 ;i++){
0x04C3	0x01AA      	CLRF       manual_function_i_L0
0x04C4	0x01AB      	CLRF       manual_function_i_L0+1
L_manual_function77:
0x04C5	0x3080      	MOVLW      128
0x04C6	0x062B      	XORWF      manual_function_i_L0+1, 0
0x04C7	0x00F0      	MOVWF      R0
0x04C8	0x3080      	MOVLW      128
0x04C9	0x0270      	SUBWF      R0, 0
0x04CA	0x1D03      	BTFSS      STATUS, 2
0x04CB	0x2CCE      	GOTO       L__manual_function168
0x04CC	0x3004      	MOVLW      4
0x04CD	0x022A      	SUBWF      manual_function_i_L0, 0
L__manual_function168:
0x04CE	0x1803      	BTFSC      STATUS, 0
0x04CF	0x2CED      	GOTO       L_manual_function78
;cproject.c,278 :: 		t2_g=0;
0x04D0	0x1306      	BCF        PORTB, 6
;cproject.c,279 :: 		t2_y=1;
0x04D1	0x1786      	BSF        PORTB, 7
;cproject.c,281 :: 		seven_segment_DECODER(i ,3 );
0x04D2	0x082A      	MOVF       manual_function_i_L0, 0
0x04D3	0x00AE      	MOVWF      FARG_seven_segment_DECODER_value
0x04D4	0x082B      	MOVF       manual_function_i_L0+1, 0
0x04D5	0x00AF      	MOVWF      FARG_seven_segment_DECODER_value+1
0x04D6	0x3003      	MOVLW      3
0x04D7	0x00B0      	MOVWF      FARG_seven_segment_DECODER_PORT_ID
0x04D8	0x3000      	MOVLW      0
0x04D9	0x00B1      	MOVWF      FARG_seven_segment_DECODER_PORT_ID+1
0x04DA	0x21C3      	CALL       _seven_segment_DECODER
;cproject.c,282 :: 		delay_ms(1000);
0x04DB	0x300B      	MOVLW      11
0x04DC	0x00FB      	MOVWF      R11
0x04DD	0x3026      	MOVLW      38
0x04DE	0x00FC      	MOVWF      R12
0x04DF	0x305D      	MOVLW      93
0x04E0	0x00FD      	MOVWF      R13
L_manual_function80:
0x04E1	0x0BFD      	DECFSZ     R13, 1
0x04E2	0x2CE1      	GOTO       L_manual_function80
0x04E3	0x0BFC      	DECFSZ     R12, 1
0x04E4	0x2CE1      	GOTO       L_manual_function80
0x04E5	0x0BFB      	DECFSZ     R11, 1
0x04E6	0x2CE1      	GOTO       L_manual_function80
0x04E7	0x0000      	NOP
0x04E8	0x0000      	NOP
;cproject.c,277 :: 		for( i=0 ; i<4 ;i++){
0x04E9	0x0AAA      	INCF       manual_function_i_L0, 1
0x04EA	0x1903      	BTFSC      STATUS, 2
0x04EB	0x0AAB      	INCF       manual_function_i_L0+1, 1
;cproject.c,284 :: 		}
0x04EC	0x2CC5      	GOTO       L_manual_function77
L_manual_function78:
;cproject.c,285 :: 		t2_g=1;
0x04ED	0x1706      	BSF        PORTB, 6
;cproject.c,286 :: 		t2_y=0;
0x04EE	0x1386      	BCF        PORTB, 7
;cproject.c,287 :: 		seven_segment_DECODER(0,2);
0x04EF	0x01AE      	CLRF       FARG_seven_segment_DECODER_value
0x04F0	0x01AF      	CLRF       FARG_seven_segment_DECODER_value+1
0x04F1	0x3002      	MOVLW      2
0x04F2	0x00B0      	MOVWF      FARG_seven_segment_DECODER_PORT_ID
0x04F3	0x3000      	MOVLW      0
0x04F4	0x00B1      	MOVWF      FARG_seven_segment_DECODER_PORT_ID+1
0x04F5	0x21C3      	CALL       _seven_segment_DECODER
;cproject.c,288 :: 		seven_segment_DECODER(0 ,3 );
0x04F6	0x01AE      	CLRF       FARG_seven_segment_DECODER_value
0x04F7	0x01AF      	CLRF       FARG_seven_segment_DECODER_value+1
0x04F8	0x3003      	MOVLW      3
0x04F9	0x00B0      	MOVWF      FARG_seven_segment_DECODER_PORT_ID
0x04FA	0x3000      	MOVLW      0
0x04FB	0x00B1      	MOVWF      FARG_seven_segment_DECODER_PORT_ID+1
0x04FC	0x21C3      	CALL       _seven_segment_DECODER
;cproject.c,289 :: 		while(m_a==1 && count ==1)
L_manual_function81:
0x04FD	0x1C86      	BTFSS      PORTB, 1
0x04FE	0x2D0B      	GOTO       L_manual_function82
0x04FF	0x3000      	MOVLW      0
0x0500	0x0621      	XORWF      _count+1, 0
0x0501	0x1D03      	BTFSS      STATUS, 2
0x0502	0x2D05      	GOTO       L__manual_function169
0x0503	0x3001      	MOVLW      1
0x0504	0x0620      	XORWF      _count, 0
L__manual_function169:
0x0505	0x1D03      	BTFSS      STATUS, 2
0x0506	0x2D0B      	GOTO       L_manual_function82
L__manual_function100:
;cproject.c,290 :: 		while(portb.b0==1) ;
L_manual_function85:
0x0507	0x1C06      	BTFSS      PORTB, 0
0x0508	0x2D0A      	GOTO       L_manual_function86
0x0509	0x2D07      	GOTO       L_manual_function85
L_manual_function86:
0x050A	0x2CFD      	GOTO       L_manual_function81
L_manual_function82:
;cproject.c,291 :: 		}
0x050B	0x2D62      	GOTO       L_manual_function87
L_manual_function76:
;cproject.c,294 :: 		else if(count ==2){
0x050C	0x3000      	MOVLW      0
0x050D	0x0621      	XORWF      _count+1, 0
0x050E	0x1D03      	BTFSS      STATUS, 2
0x050F	0x2D12      	GOTO       L__manual_function170
0x0510	0x3002      	MOVLW      2
0x0511	0x0620      	XORWF      _count, 0
L__manual_function170:
0x0512	0x1D03      	BTFSS      STATUS, 2
0x0513	0x2D62      	GOTO       L_manual_function88
;cproject.c,295 :: 		count=0 ;
0x0514	0x01A0      	CLRF       _count
0x0515	0x01A1      	CLRF       _count+1
;cproject.c,296 :: 		t1_r=0;
0x0516	0x1005      	BCF        PORTA, 0
;cproject.c,297 :: 		t2_g=0;
0x0517	0x1306      	BCF        PORTB, 6
;cproject.c,298 :: 		t2_r=1;
0x0518	0x1585      	BSF        PORTA, 3
;cproject.c,299 :: 		t2_y=0;
0x0519	0x1386      	BCF        PORTB, 7
;cproject.c,300 :: 		for( i=0 ; i<4 ;i++){
0x051A	0x01AA      	CLRF       manual_function_i_L0
0x051B	0x01AB      	CLRF       manual_function_i_L0+1
L_manual_function89:
0x051C	0x3080      	MOVLW      128
0x051D	0x062B      	XORWF      manual_function_i_L0+1, 0
0x051E	0x00F0      	MOVWF      R0
0x051F	0x3080      	MOVLW      128
0x0520	0x0270      	SUBWF      R0, 0
0x0521	0x1D03      	BTFSS      STATUS, 2
0x0522	0x2D25      	GOTO       L__manual_function171
0x0523	0x3004      	MOVLW      4
0x0524	0x022A      	SUBWF      manual_function_i_L0, 0
L__manual_function171:
0x0525	0x1803      	BTFSC      STATUS, 0
0x0526	0x2D44      	GOTO       L_manual_function90
;cproject.c,302 :: 		t1_g=0;
0x0527	0x1105      	BCF        PORTA, 2
;cproject.c,303 :: 		t1_y=1;
0x0528	0x1485      	BSF        PORTA, 1
;cproject.c,304 :: 		seven_segment_DECODER(i ,2);
0x0529	0x082A      	MOVF       manual_function_i_L0, 0
0x052A	0x00AE      	MOVWF      FARG_seven_segment_DECODER_value
0x052B	0x082B      	MOVF       manual_function_i_L0+1, 0
0x052C	0x00AF      	MOVWF      FARG_seven_segment_DECODER_value+1
0x052D	0x3002      	MOVLW      2
0x052E	0x00B0      	MOVWF      FARG_seven_segment_DECODER_PORT_ID
0x052F	0x3000      	MOVLW      0
0x0530	0x00B1      	MOVWF      FARG_seven_segment_DECODER_PORT_ID+1
0x0531	0x21C3      	CALL       _seven_segment_DECODER
;cproject.c,306 :: 		delay_ms(1000);
0x0532	0x300B      	MOVLW      11
0x0533	0x00FB      	MOVWF      R11
0x0534	0x3026      	MOVLW      38
0x0535	0x00FC      	MOVWF      R12
0x0536	0x305D      	MOVLW      93
0x0537	0x00FD      	MOVWF      R13
L_manual_function92:
0x0538	0x0BFD      	DECFSZ     R13, 1
0x0539	0x2D38      	GOTO       L_manual_function92
0x053A	0x0BFC      	DECFSZ     R12, 1
0x053B	0x2D38      	GOTO       L_manual_function92
0x053C	0x0BFB      	DECFSZ     R11, 1
0x053D	0x2D38      	GOTO       L_manual_function92
0x053E	0x0000      	NOP
0x053F	0x0000      	NOP
;cproject.c,300 :: 		for( i=0 ; i<4 ;i++){
0x0540	0x0AAA      	INCF       manual_function_i_L0, 1
0x0541	0x1903      	BTFSC      STATUS, 2
0x0542	0x0AAB      	INCF       manual_function_i_L0+1, 1
;cproject.c,308 :: 		}
0x0543	0x2D1C      	GOTO       L_manual_function89
L_manual_function90:
;cproject.c,310 :: 		t1_y=0;
0x0544	0x1085      	BCF        PORTA, 1
;cproject.c,311 :: 		t1_g=1;
0x0545	0x1505      	BSF        PORTA, 2
;cproject.c,312 :: 		seven_segment_DECODER(0,2);
0x0546	0x01AE      	CLRF       FARG_seven_segment_DECODER_value
0x0547	0x01AF      	CLRF       FARG_seven_segment_DECODER_value+1
0x0548	0x3002      	MOVLW      2
0x0549	0x00B0      	MOVWF      FARG_seven_segment_DECODER_PORT_ID
0x054A	0x3000      	MOVLW      0
0x054B	0x00B1      	MOVWF      FARG_seven_segment_DECODER_PORT_ID+1
0x054C	0x21C3      	CALL       _seven_segment_DECODER
;cproject.c,313 :: 		seven_segment_DECODER(0 ,3 );
0x054D	0x01AE      	CLRF       FARG_seven_segment_DECODER_value
0x054E	0x01AF      	CLRF       FARG_seven_segment_DECODER_value+1
0x054F	0x3003      	MOVLW      3
0x0550	0x00B0      	MOVWF      FARG_seven_segment_DECODER_PORT_ID
0x0551	0x3000      	MOVLW      0
0x0552	0x00B1      	MOVWF      FARG_seven_segment_DECODER_PORT_ID+1
0x0553	0x21C3      	CALL       _seven_segment_DECODER
;cproject.c,314 :: 		while(m_a==1 && count ==0){
L_manual_function93:
0x0554	0x1C86      	BTFSS      PORTB, 1
0x0555	0x2D62      	GOTO       L_manual_function94
0x0556	0x3000      	MOVLW      0
0x0557	0x0621      	XORWF      _count+1, 0
0x0558	0x1D03      	BTFSS      STATUS, 2
0x0559	0x2D5C      	GOTO       L__manual_function172
0x055A	0x3000      	MOVLW      0
0x055B	0x0620      	XORWF      _count, 0
L__manual_function172:
0x055C	0x1D03      	BTFSS      STATUS, 2
0x055D	0x2D62      	GOTO       L_manual_function94
L__manual_function99:
;cproject.c,315 :: 		while(portb.b0==1) ;  }
L_manual_function97:
0x055E	0x1C06      	BTFSS      PORTB, 0
0x055F	0x2D61      	GOTO       L_manual_function98
0x0560	0x2D5E      	GOTO       L_manual_function97
L_manual_function98:
0x0561	0x2D54      	GOTO       L_manual_function93
L_manual_function94:
;cproject.c,319 :: 		}
L_manual_function88:
L_manual_function87:
;cproject.c,320 :: 		}
L_manual_function75:
;cproject.c,321 :: 		}
0x0562	0x2AB6      	GOTO       L_manual_function23
;cproject.c,322 :: 		}
L_end_manual_function:
0x0563	0x0008      	RETURN
; end of _manual_function
___CC2DW:
;__Lib_System.c,134 :: 		
;__Lib_System.c,137 :: 		
_CC2D_Loop1:
;__Lib_System.c,139 :: 		
0x0564	0x21BC      	CALL       _____DoICP
0x0565	0x118A      	BCF        PCLATH, 3
0x0566	0x120A      	BCF        PCLATH, 4
;__Lib_System.c,141 :: 		
0x0567	0x0080      	MOVWF      INDF
;__Lib_System.c,142 :: 		
0x0568	0x0A84      	INCF       FSR, 1
;__Lib_System.c,143 :: 		
0x0569	0x0AA2      	INCF       ___DoICPAddr, 1
;__Lib_System.c,145 :: 		
0x056A	0x1903      	BTFSC      STATUS, 2
;__Lib_System.c,146 :: 		
0x056B	0x0AA3      	INCF       ___DoICPAddr+1, 1
;__Lib_System.c,147 :: 		
0x056C	0x03F0      	DECF       R0, 1
;__Lib_System.c,149 :: 		
0x056D	0x1D03      	BTFSS      STATUS, 2
;__Lib_System.c,150 :: 		
0x056E	0x2D64      	GOTO       _CC2D_Loop1
;__Lib_System.c,152 :: 		
L_end___CC2DW:
0x056F	0x0008      	RETURN
; end of ___CC2DW
_main:
0x0570	0x1283      	BCF        STATUS, 5
0x0571	0x1303      	BCF        STATUS, 6
0x0572	0x01A0      	CLRF       _count
0x0573	0x01A1      	CLRF       33
;cproject.c,136 :: 		void main() {
;cproject.c,137 :: 		traficinit();
0x0574	0x229C      	CALL       _traficinit
;cproject.c,138 :: 		manual_function();
0x0575	0x22B6      	CALL       _manual_function
;cproject.c,140 :: 		}
L_end_main:
0x0576	0x2D76      	GOTO       $+0
; end of _main
Symbol List:
//** Routines locations **
//ADDRESS    SIZE    PROCEDURE
//----------------------------------------------
0x0004      [20]    _interrupt
0x0018      [44]    _Div_16x16_S_L
0x0044     [271]    _gpio_writepin
0x0153     [105]    _Div_16x16_S
0x01BC       [7]    _____DoICP
0x01C3     [217]    _seven_segment_DECODER
0x029C      [26]    _traficinit
0x02B6     [686]    _manual_function
0x0564      [12]    ___CC2DW
0x0570       [7]    _main
//** Variables locations ** 
//ADDRESS    SIZE    VARIABLE
//----------------------------------------------
0x0000       [1]    INDF
0x0002       [1]    PCL
0x0003       [1]    STATUS
0x0004       [1]    FSR
0x0005       [1]    PORTA
0x0006       [1]    PORTB
0x0007       [1]    PORTC
0x0008       [1]    PORTD
0x0009       [1]    PORTE
0x000A       [1]    PCLATH
0x000B       [1]    INTCON
0x0020       [2]    _count
0x0022       [2]    ___DoICPAddr
0x0024       [2]    _v
0x0026       [1]    ___savePCLATH
0x0027       [1]    ___saveSTATUS
0x0028       [2]    manual_function_j_L2
0x002A       [2]    manual_function_i_L0
0x002C       [2]    manual_function_fl_L2
0x002E       [2]    FARG_seven_segment_DECODER_value
0x0030       [2]    FARG_seven_segment_DECODER_PORT_ID
0x0032       [2]    seven_segment_DECODER_units_L0
0x0034       [2]    seven_segment_DECODER_tens_L0
0x0036       [2]    FLOC__seven_segment_DECODER
0x0038       [2]    FARG_gpio_writepin_port_id
0x003A       [2]    FARG_gpio_writepin_pin_id
0x003C       [2]    FARG_gpio_writepin_value
0x0070       [1]    R0
0x0071       [1]    R1
0x0072       [1]    R2
0x0073       [1]    R3
0x0074       [1]    R4
0x0075       [1]    R5
0x0076       [1]    R6
0x0077       [1]    R7
0x0078       [1]    R8
0x0079       [1]    R9
0x007A       [1]    R10
0x007B       [1]    R11
0x007C       [1]    R12
0x007D       [1]    R13
0x007E       [1]    R14
0x007F       [1]    R15
0x0081       [1]    OPTION_REG
0x0085       [1]    TRISA
0x0086       [1]    TRISB
0x0087       [1]    TRISC
0x0088       [1]    TRISD
0x009F       [1]    ADCON1
